TN:
SF:src/App.tsx
FN:14,(anonymous_0)
FN:46,(anonymous_1)
FN:47,(anonymous_2)
FN:48,(anonymous_3)
FN:49,(anonymous_4)
FN:50,(anonymous_5)
FN:51,(anonymous_6)
FN:52,(anonymous_7)
FN:53,(anonymous_8)
FN:54,(anonymous_9)
FN:55,(anonymous_10)
FN:56,(anonymous_11)
FN:69,DayViewRoute
FN:76,(anonymous_13)
FN:90,ExtraViewRoute
FN:98,(anonymous_15)
FN:107,CardioViewRoute
FN:115,(anonymous_17)
FN:123,MobilityViewRoute
FN:130,(anonymous_19)
FN:139,App
FN:143,(anonymous_21)
FN:164,(anonymous_22)
FN:177,(anonymous_23)
FN:178,(anonymous_24)
FN:185,(anonymous_25)
FN:189,(anonymous_26)
FN:192,(anonymous_27)
FN:208,(anonymous_28)
FN:221,(anonymous_29)
FN:222,(anonymous_30)
FN:238,(anonymous_31)
FN:253,(anonymous_32)
FN:269,(anonymous_33)
FN:311,(anonymous_34)
FN:317,(anonymous_35)
FN:324,(anonymous_36)
FN:325,(anonymous_37)
FN:338,(anonymous_38)
FN:339,(anonymous_39)
FN:344,(anonymous_40)
FN:361,(anonymous_41)
FN:362,(anonymous_42)
FN:366,(anonymous_43)
FN:367,(anonymous_44)
FN:370,(anonymous_45)
FN:376,(anonymous_46)
FN:418,(anonymous_47)
FN:419,(anonymous_48)
FN:420,(anonymous_49)
FN:428,(anonymous_50)
FN:447,AuthGate
FN:482,WrappedApp
FNF:53
FNH:0
FNDA:0,(anonymous_0)
FNDA:0,(anonymous_1)
FNDA:0,(anonymous_2)
FNDA:0,(anonymous_3)
FNDA:0,(anonymous_4)
FNDA:0,(anonymous_5)
FNDA:0,(anonymous_6)
FNDA:0,(anonymous_7)
FNDA:0,(anonymous_8)
FNDA:0,(anonymous_9)
FNDA:0,(anonymous_10)
FNDA:0,(anonymous_11)
FNDA:0,DayViewRoute
FNDA:0,(anonymous_13)
FNDA:0,ExtraViewRoute
FNDA:0,(anonymous_15)
FNDA:0,CardioViewRoute
FNDA:0,(anonymous_17)
FNDA:0,MobilityViewRoute
FNDA:0,(anonymous_19)
FNDA:0,App
FNDA:0,(anonymous_21)
FNDA:0,(anonymous_22)
FNDA:0,(anonymous_23)
FNDA:0,(anonymous_24)
FNDA:0,(anonymous_25)
FNDA:0,(anonymous_26)
FNDA:0,(anonymous_27)
FNDA:0,(anonymous_28)
FNDA:0,(anonymous_29)
FNDA:0,(anonymous_30)
FNDA:0,(anonymous_31)
FNDA:0,(anonymous_32)
FNDA:0,(anonymous_33)
FNDA:0,(anonymous_34)
FNDA:0,(anonymous_35)
FNDA:0,(anonymous_36)
FNDA:0,(anonymous_37)
FNDA:0,(anonymous_38)
FNDA:0,(anonymous_39)
FNDA:0,(anonymous_40)
FNDA:0,(anonymous_41)
FNDA:0,(anonymous_42)
FNDA:0,(anonymous_43)
FNDA:0,(anonymous_44)
FNDA:0,(anonymous_45)
FNDA:0,(anonymous_46)
FNDA:0,(anonymous_47)
FNDA:0,(anonymous_48)
FNDA:0,(anonymous_49)
FNDA:0,(anonymous_50)
FNDA:0,AuthGate
FNDA:0,WrappedApp
DA:14,0
DA:34,0
DA:46,0
DA:47,0
DA:48,0
DA:49,0
DA:50,0
DA:51,0
DA:52,0
DA:53,0
DA:54,0
DA:55,0
DA:56,0
DA:70,0
DA:71,0
DA:72,0
DA:77,0
DA:78,0
DA:91,0
DA:92,0
DA:93,0
DA:99,0
DA:100,0
DA:108,0
DA:109,0
DA:110,0
DA:116,0
DA:117,0
DA:124,0
DA:125,0
DA:126,0
DA:131,0
DA:132,0
DA:140,0
DA:141,0
DA:143,0
DA:144,0
DA:145,0
DA:146,0
DA:147,0
DA:148,0
DA:149,0
DA:163,0
DA:164,0
DA:173,0
DA:177,0
DA:178,0
DA:179,0
DA:180,0
DA:181,0
DA:184,0
DA:185,0
DA:189,0
DA:190,0
DA:191,0
DA:192,0
DA:199,0
DA:204,0
DA:205,0
DA:209,0
DA:210,0
DA:217,0
DA:218,0
DA:221,0
DA:223,0
DA:224,0
DA:225,0
DA:226,0
DA:227,0
DA:234,0
DA:235,0
DA:239,0
DA:240,0
DA:241,0
DA:242,0
DA:243,0
DA:244,0
DA:245,0
DA:246,0
DA:253,0
DA:254,0
DA:255,0
DA:256,0
DA:258,0
DA:259,0
DA:260,0
DA:261,0
DA:262,0
DA:264,0
DA:269,0
DA:270,0
DA:271,0
DA:273,0
DA:274,0
DA:275,0
DA:278,0
DA:280,0
DA:311,0
DA:319,0
DA:320,0
DA:321,0
DA:324,0
DA:326,0
DA:327,0
DA:338,0
DA:340,0
DA:341,0
DA:342,0
DA:345,0
DA:346,0
DA:361,0
DA:363,0
DA:364,0
DA:366,0
DA:368,0
DA:370,0
DA:376,0
DA:418,0
DA:419,0
DA:420,0
DA:429,0
DA:430,0
DA:431,0
DA:433,0
DA:434,0
DA:435,0
DA:436,0
DA:438,0
DA:448,0
DA:450,0
DA:451,0
DA:467,0
DA:468,0
DA:471,0
DA:472,0
DA:479,0
DA:483,0
LF:137
LH:0
BRDA:113,0,0,0
BRDA:113,0,1,0
BRDA:113,1,0,0
BRDA:113,1,1,0
BRDA:179,2,0,0
BRDA:179,2,1,0
BRDA:180,3,0,0
BRDA:180,3,1,0
BRDA:181,4,0,0
BRDA:181,4,1,0
BRDA:190,5,0,0
BRDA:190,5,1,0
BRDA:190,6,0,0
BRDA:190,6,1,0
BRDA:204,7,0,0
BRDA:204,7,1,0
BRDA:204,8,0,0
BRDA:204,8,1,0
BRDA:217,9,0,0
BRDA:217,9,1,0
BRDA:217,10,0,0
BRDA:217,10,1,0
BRDA:234,11,0,0
BRDA:234,11,1,0
BRDA:241,12,0,0
BRDA:241,12,1,0
BRDA:255,13,0,0
BRDA:255,13,1,0
BRDA:259,14,0,0
BRDA:259,14,1,0
BRDA:270,15,0,0
BRDA:270,15,1,0
BRDA:270,16,0,0
BRDA:270,16,1,0
BRDA:310,17,0,0
BRDA:310,17,1,0
BRDA:310,18,0,0
BRDA:310,18,1,0
BRDA:311,19,0,0
BRDA:311,19,1,0
BRDA:317,20,0,0
BRDA:317,20,1,0
BRDA:320,21,0,0
BRDA:320,21,1,0
BRDA:334,22,0,0
BRDA:334,22,1,0
BRDA:368,23,0,0
BRDA:368,23,1,0
BRDA:416,24,0,0
BRDA:416,24,1,0
BRDA:420,25,0,0
BRDA:420,25,1,0
BRDA:425,26,0,0
BRDA:425,26,1,0
BRDA:425,26,2,0
BRDA:429,27,0,0
BRDA:429,27,1,0
BRDA:434,28,0,0
BRDA:434,28,1,0
BRDA:435,29,0,0
BRDA:435,29,1,0
BRDA:450,30,0,0
BRDA:450,30,1,0
BRDA:467,31,0,0
BRDA:467,31,1,0
BRDA:471,32,0,0
BRDA:471,32,1,0
BRF:67
BRH:0
end_of_record
TN:
SF:src/main.tsx
FN:20,(anonymous_0)
FNF:1
FNH:0
FNDA:0,(anonymous_0)
DA:10,0
DA:19,0
DA:20,0
DA:23,0
DA:24,0
DA:27,0
LF:6
LH:0
BRDA:23,0,0,0
BRDA:23,0,1,0
BRDA:23,1,0,0
BRDA:23,1,1,0
BRF:4
BRH:0
end_of_record
TN:
SF:src/vite-env.d.ts
FNF:0
FNH:0
LF:0
LH:0
BRF:0
BRH:0
end_of_record
TN:
SF:src/components/ErrorBoundary.tsx
FN:13,(anonymous_0)
FN:17,(anonymous_1)
FN:20,(anonymous_2)
FN:24,(anonymous_3)
FN:190,(anonymous_4)
FN:206,(anonymous_5)
FNF:6
FNH:0
FNDA:0,(anonymous_0)
FNDA:0,(anonymous_1)
FNDA:0,(anonymous_2)
FNDA:0,(anonymous_3)
FNDA:0,(anonymous_4)
FNDA:0,(anonymous_5)
DA:14,0
DA:15,0
DA:18,0
DA:21,0
DA:22,0
DA:25,0
DA:26,0
DA:27,0
DA:28,0
DA:29,0
DA:190,0
DA:206,0
LF:12
LH:0
BRDA:25,0,0,0
BRDA:25,0,1,0
BRDA:26,1,0,0
BRDA:26,1,1,0
BRDA:27,2,0,0
BRDA:27,2,1,0
BRDA:28,3,0,0
BRDA:28,3,1,0
BRDA:97,4,0,0
BRDA:97,4,1,0
BRDA:99,5,0,0
BRDA:99,5,1,0
BRDA:136,6,0,0
BRDA:136,6,1,0
BRF:14
BRH:0
end_of_record
TN:
SF:src/components/MinimizedTimerBar.tsx
FN:14,MinimizedTimerBar
FN:27,(anonymous_1)
FNF:2
FNH:0
FNDA:0,MinimizedTimerBar
FNDA:0,(anonymous_1)
DA:15,0
DA:16,0
DA:17,0
DA:18,0
DA:19,0
DA:21,0
DA:22,0
DA:23,0
DA:25,0
DA:27,0
LF:10
LH:0
BRDA:16,0,0,0
BRDA:16,0,1,0
BRDA:21,1,0,0
BRDA:21,1,1,0
BRDA:22,2,0,0
BRDA:22,2,1,0
BRDA:22,3,0,0
BRDA:22,3,1,0
BRDA:23,4,0,0
BRDA:23,4,1,0
BRDA:75,5,0,0
BRDA:75,5,1,0
BRDA:86,6,0,0
BRDA:86,6,1,0
BRDA:104,7,0,0
BRDA:104,7,1,0
BRF:16
BRH:0
end_of_record
TN:
SF:src/components/NotFoundPage.tsx
FN:3,NotFoundPage
FNF:1
FNH:0
FNDA:0,NotFoundPage
DA:4,0
LF:1
LH:0
BRF:0
BRH:0
end_of_record
TN:
SF:src/components/WeekCompleteModal.tsx
FN:12,WeekCompleteModal
FN:105,(anonymous_1)
FN:181,(anonymous_2)
FN:366,(anonymous_3)
FNF:4
FNH:0
FNDA:0,WeekCompleteModal
FNDA:0,(anonymous_1)
FNDA:0,(anonymous_2)
FNDA:0,(anonymous_3)
DA:13,0
DA:14,0
DA:106,0
DA:182,0
DA:301,0
DA:367,0
LF:6
LH:0
BRDA:13,0,0,0
BRDA:13,0,1,0
BRDA:62,1,0,0
BRDA:62,1,1,0
BRDA:76,2,0,0
BRDA:76,2,1,0
BRDA:114,3,0,0
BRDA:114,3,1,0
BRDA:148,4,0,0
BRDA:148,4,1,0
BRDA:151,5,0,0
BRDA:151,5,1,0
BRDA:151,6,0,0
BRDA:151,6,1,0
BRDA:176,7,0,0
BRDA:176,7,1,0
BRDA:213,8,0,0
BRDA:213,8,1,0
BRDA:337,9,0,0
BRDA:337,9,1,0
BRDA:362,10,0,0
BRDA:362,10,1,0
BRDA:365,11,0,0
BRDA:365,11,1,0
BRDA:386,12,0,0
BRDA:386,12,1,0
BRF:26
BRH:0
end_of_record
TN:
SF:src/components/auth/AuthPage.tsx
FN:9,AuthPage
FN:19,(anonymous_1)
FN:42,(anonymous_2)
FN:137,(anonymous_3)
FN:140,(anonymous_4)
FN:182,(anonymous_5)
FN:220,(anonymous_6)
FNF:7
FNH:0
FNDA:0,AuthPage
FNDA:0,(anonymous_1)
FNDA:0,(anonymous_2)
FNDA:0,(anonymous_3)
FNDA:0,(anonymous_4)
FNDA:0,(anonymous_5)
FNDA:0,(anonymous_6)
DA:10,0
DA:11,0
DA:12,0
DA:13,0
DA:14,0
DA:15,0
DA:16,0
DA:17,0
DA:19,0
DA:20,0
DA:21,0
DA:22,0
DA:23,0
DA:24,0
DA:25,0
DA:26,0
DA:27,0
DA:28,0
DA:29,0
DA:30,0
DA:31,0
DA:33,0
DA:36,0
DA:38,0
DA:42,0
DA:43,0
DA:44,0
DA:45,0
DA:47,0
DA:48,0
DA:49,0
DA:50,0
DA:51,0
DA:52,0
DA:54,0
DA:57,0
DA:59,0
DA:63,0
DA:138,0
DA:140,0
DA:182,0
DA:220,0
LF:42
LH:0
BRDA:25,0,0,0
BRDA:25,0,1,0
BRDA:27,1,0,0
BRDA:27,1,1,0
BRDA:29,2,0,0
BRDA:29,2,1,0
BRDA:36,3,0,0
BRDA:36,3,1,0
BRDA:43,4,0,0
BRDA:43,4,1,0
BRDA:51,5,0,0
BRDA:51,5,1,0
BRDA:57,6,0,0
BRDA:57,6,1,0
BRDA:79,7,0,0
BRDA:79,7,1,0
BRDA:153,8,0,0
BRDA:153,8,1,0
BRDA:154,9,0,0
BRDA:154,9,1,0
BRDA:157,10,0,0
BRDA:157,10,1,0
BRDA:222,11,0,0
BRDA:222,11,1,0
BRDA:239,12,0,0
BRDA:239,12,1,0
BRDA:254,13,0,0
BRDA:254,13,1,0
BRDA:270,14,0,0
BRDA:270,14,1,0
BRDA:270,15,0,0
BRDA:270,15,1,0
BRDA:274,16,0,0
BRDA:274,16,1,0
BRF:34
BRH:0
end_of_record
TN:
SF:src/components/auth/UserMenu.tsx
FN:14,AccountSection
FN:100,(anonymous_1)
FNF:2
FNH:0
FNDA:0,AccountSection
FNDA:0,(anonymous_1)
DA:7,0
DA:15,0
DA:16,0
DA:17,0
DA:18,0
DA:19,0
DA:21,0
DA:23,0
DA:100,0
LF:9
LH:0
BRDA:19,0,0,0
BRDA:19,0,1,0
BRDA:68,1,0,0
BRDA:68,1,1,0
BRDA:89,2,0,0
BRDA:89,2,1,0
BRF:6
BRH:0
end_of_record
TN:
SF:src/components/explore/ExerciseBrowser.tsx
FN:85,(anonymous_0)
FN:111,(anonymous_1)
FN:116,(anonymous_2)
FN:142,ExerciseBrowser
FN:158,(anonymous_4)
FN:160,(anonymous_5)
FN:161,(anonymous_6)
FN:177,(anonymous_7)
FN:193,(anonymous_8)
FN:248,(anonymous_9)
FN:248,(anonymous_10)
FN:262,(anonymous_11)
FN:262,(anonymous_12)
FN:350,(anonymous_13)
FN:350,(anonymous_14)
FN:388,(anonymous_15)
FN:388,(anonymous_16)
FN:426,(anonymous_17)
FN:426,(anonymous_18)
FN:464,(anonymous_19)
FN:464,(anonymous_20)
FN:486,(anonymous_21)
FN:487,(anonymous_22)
FN:527,(anonymous_23)
FN:527,(anonymous_24)
FN:534,(anonymous_25)
FN:534,(anonymous_26)
FN:541,(anonymous_27)
FN:541,(anonymous_28)
FN:548,(anonymous_29)
FN:548,(anonymous_30)
FN:553,(anonymous_31)
FN:554,(anonymous_32)
FN:578,(anonymous_33)
FN:618,(anonymous_34)
FN:623,(anonymous_35)
FNF:36
FNH:0
FNDA:0,(anonymous_0)
FNDA:0,(anonymous_1)
FNDA:0,(anonymous_2)
FNDA:0,ExerciseBrowser
FNDA:0,(anonymous_4)
FNDA:0,(anonymous_5)
FNDA:0,(anonymous_6)
FNDA:0,(anonymous_7)
FNDA:0,(anonymous_8)
FNDA:0,(anonymous_9)
FNDA:0,(anonymous_10)
FNDA:0,(anonymous_11)
FNDA:0,(anonymous_12)
FNDA:0,(anonymous_13)
FNDA:0,(anonymous_14)
FNDA:0,(anonymous_15)
FNDA:0,(anonymous_16)
FNDA:0,(anonymous_17)
FNDA:0,(anonymous_18)
FNDA:0,(anonymous_19)
FNDA:0,(anonymous_20)
FNDA:0,(anonymous_21)
FNDA:0,(anonymous_22)
FNDA:0,(anonymous_23)
FNDA:0,(anonymous_24)
FNDA:0,(anonymous_25)
FNDA:0,(anonymous_26)
FNDA:0,(anonymous_27)
FNDA:0,(anonymous_28)
FNDA:0,(anonymous_29)
FNDA:0,(anonymous_30)
FNDA:0,(anonymous_31)
FNDA:0,(anonymous_32)
FNDA:0,(anonymous_33)
FNDA:0,(anonymous_34)
FNDA:0,(anonymous_35)
DA:7,0
DA:13,0
DA:14,0
DA:24,0
DA:43,0
DA:52,0
DA:54,0
DA:64,0
DA:83,0
DA:85,0
DA:98,0
DA:112,0
DA:113,0
DA:116,0
DA:143,0
DA:150,0
DA:151,0
DA:153,0
DA:158,0
DA:160,0
DA:161,0
DA:162,0
DA:163,0
DA:164,0
DA:165,0
DA:166,0
DA:167,0
DA:168,0
DA:169,0
DA:171,0
DA:175,0
DA:177,0
DA:194,0
DA:195,0
DA:248,0
DA:262,0
DA:350,0
DA:388,0
DA:426,0
DA:464,0
DA:487,0
DA:527,0
DA:534,0
DA:541,0
DA:548,0
DA:554,0
DA:578,0
DA:619,0
DA:620,0
DA:623,0
LF:50
LH:0
BRDA:121,0,0,0
BRDA:121,0,1,0
BRDA:122,1,0,0
BRDA:122,1,1,0
BRDA:123,2,0,0
BRDA:123,2,1,0
BRDA:125,3,0,0
BRDA:125,3,1,0
BRDA:130,4,0,0
BRDA:130,4,1,0
BRDA:130,5,0,0
BRDA:130,5,1,0
BRDA:162,6,0,0
BRDA:162,6,1,0
BRDA:162,7,0,0
BRDA:162,7,1,0
BRDA:163,8,0,0
BRDA:163,8,1,0
BRDA:163,9,0,0
BRDA:163,9,1,0
BRDA:164,10,0,0
BRDA:164,10,1,0
BRDA:164,11,0,0
BRDA:164,11,1,0
BRDA:164,12,0,0
BRDA:164,12,1,0
BRDA:166,13,0,0
BRDA:166,13,1,0
BRDA:166,14,0,0
BRDA:166,14,1,0
BRDA:167,15,0,0
BRDA:167,15,1,0
BRDA:169,16,0,0
BRDA:169,16,1,0
BRDA:169,17,0,0
BRDA:169,17,1,0
BRDA:177,18,0,0
BRDA:177,18,1,0
BRDA:268,19,0,0
BRDA:268,19,1,0
BRDA:268,20,0,0
BRDA:268,20,1,0
BRDA:270,21,0,0
BRDA:270,21,1,0
BRDA:270,22,0,0
BRDA:270,22,1,0
BRDA:274,23,0,0
BRDA:274,23,1,0
BRDA:274,24,0,0
BRDA:274,24,1,0
BRDA:300,25,0,0
BRDA:300,25,1,0
BRDA:323,26,0,0
BRDA:323,26,1,0
BRDA:323,26,2,0
BRDA:333,27,0,0
BRDA:333,27,1,0
BRDA:371,28,0,0
BRDA:371,28,1,0
BRDA:409,29,0,0
BRDA:409,29,1,0
BRDA:424,30,0,0
BRDA:424,30,1,0
BRDA:447,31,0,0
BRDA:447,31,1,0
BRDA:512,32,0,0
BRDA:512,32,1,0
BRDA:551,33,0,0
BRDA:551,33,1,0
BRDA:592,34,0,0
BRDA:592,34,1,0
BRDA:606,35,0,0
BRDA:606,35,1,0
BRDA:619,36,0,0
BRDA:619,36,1,0
BRDA:672,37,0,0
BRDA:672,37,1,0
BRF:77
BRH:0
end_of_record
TN:
SF:src/components/explore/ExerciseDetailModal.tsx
FN:16,(anonymous_0)
FN:30,(anonymous_1)
FNF:2
FNH:0
FNDA:0,(anonymous_0)
FNDA:0,(anonymous_1)
DA:5,0
DA:16,0
DA:17,0
DA:30,0
LF:4
LH:0
BRDA:66,0,0,0
BRDA:66,0,1,0
BRDA:110,1,0,0
BRDA:110,1,1,0
BRDA:168,2,0,0
BRDA:168,2,1,0
BRDA:192,3,0,0
BRDA:192,3,1,0
BRF:8
BRH:0
end_of_record
TN:
SF:src/components/explore/ExplorePage.tsx
FN:47,ExplorePage
FN:52,(anonymous_1)
FN:59,(anonymous_2)
FN:66,(anonymous_3)
FN:150,(anonymous_4)
FN:171,(anonymous_5)
FN:225,(anonymous_6)
FN:289,(anonymous_7)
FNF:8
FNH:0
FNDA:0,ExplorePage
FNDA:0,(anonymous_1)
FNDA:0,(anonymous_2)
FNDA:0,(anonymous_3)
FNDA:0,(anonymous_4)
FNDA:0,(anonymous_5)
FNDA:0,(anonymous_6)
FNDA:0,(anonymous_7)
DA:9,0
DA:48,0
DA:51,0
DA:52,0
DA:55,0
DA:56,0
DA:59,0
DA:65,0
DA:66,0
DA:70,0
DA:150,0
DA:171,0
DA:225,0
DA:290,0
LF:14
LH:0
BRDA:51,0,0,0
BRDA:51,0,1,0
BRDA:55,1,0,0
BRDA:55,1,1,0
BRDA:65,2,0,0
BRDA:65,2,1,0
BRF:6
BRH:0
end_of_record
TN:
SF:src/components/explore/LearnSection.tsx
FN:160,LearnSection
FN:164,(anonymous_1)
FN:165,(anonymous_2)
FN:223,(anonymous_3)
FN:236,(anonymous_4)
FN:292,(anonymous_5)
FN:344,(anonymous_6)
FN:357,(anonymous_7)
FNF:8
FNH:0
FNDA:0,LearnSection
FNDA:0,(anonymous_1)
FNDA:0,(anonymous_2)
FNDA:0,(anonymous_3)
FNDA:0,(anonymous_4)
FNDA:0,(anonymous_5)
FNDA:0,(anonymous_6)
FNDA:0,(anonymous_7)
DA:4,0
DA:87,0
DA:161,0
DA:162,0
DA:164,0
DA:165,0
DA:167,0
DA:224,0
DA:225,0
DA:236,0
DA:293,0
DA:345,0
DA:346,0
DA:357,0
LF:14
LH:0
BRDA:164,0,0,0
BRDA:164,0,1,0
BRDA:165,1,0,0
BRDA:165,1,1,0
BRDA:283,2,0,0
BRDA:283,2,1,0
BRDA:290,3,0,0
BRDA:290,3,1,0
BRDA:298,4,0,0
BRDA:298,4,1,0
BRDA:396,5,0,0
BRDA:396,5,1,0
BRDA:403,6,0,0
BRDA:403,6,1,0
BRF:14
BRH:0
end_of_record
TN:
SF:src/components/explore/SamplePrograms.tsx
FN:14,(anonymous_0)
FN:16,(anonymous_1)
FN:19,(anonymous_2)
FN:30,(anonymous_3)
FN:41,(anonymous_4)
FN:64,(anonymous_5)
FN:110,(anonymous_6)
FN:140,(anonymous_7)
FN:167,SamplePrograms
FN:237,(anonymous_9)
FN:250,(anonymous_10)
FN:349,(anonymous_11)
FN:398,(anonymous_12)
FN:442,(anonymous_13)
FN:470,(anonymous_14)
FN:509,(anonymous_15)
FNF:16
FNH:0
FNDA:0,(anonymous_0)
FNDA:0,(anonymous_1)
FNDA:0,(anonymous_2)
FNDA:0,(anonymous_3)
FNDA:0,(anonymous_4)
FNDA:0,(anonymous_5)
FNDA:0,(anonymous_6)
FNDA:0,(anonymous_7)
FNDA:0,SamplePrograms
FNDA:0,(anonymous_9)
FNDA:0,(anonymous_10)
FNDA:0,(anonymous_11)
FNDA:0,(anonymous_12)
FNDA:0,(anonymous_13)
FNDA:0,(anonymous_14)
FNDA:0,(anonymous_15)
DA:7,0
DA:14,0
DA:15,0
DA:16,0
DA:19,0
DA:30,0
DA:41,0
DA:42,0
DA:64,0
DA:110,0
DA:140,0
DA:168,0
DA:169,0
DA:173,0
DA:238,0
DA:239,0
DA:250,0
DA:350,0
DA:351,0
DA:399,0
DA:442,0
DA:471,0
DA:477,0
DA:478,0
DA:506,0
DA:507,0
DA:509,0
LF:27
LH:0
BRDA:15,0,0,0
BRDA:15,0,1,0
BRDA:15,1,0,0
BRDA:15,1,1,0
BRDA:17,2,0,0
BRDA:17,2,1,0
BRDA:17,2,2,0
BRDA:18,3,0,0
BRDA:18,3,1,0
BRDA:19,4,0,0
BRDA:19,4,1,0
BRDA:20,5,0,0
BRDA:20,5,1,0
BRDA:21,6,0,0
BRDA:21,6,1,0
BRDA:22,7,0,0
BRDA:22,7,1,0
BRDA:23,8,0,0
BRDA:23,8,1,0
BRDA:24,9,0,0
BRDA:24,9,1,0
BRDA:79,10,0,0
BRDA:79,10,1,0
BRDA:250,11,0,0
BRDA:250,11,1,0
BRDA:321,12,0,0
BRDA:321,12,1,0
BRDA:329,13,0,0
BRDA:329,13,1,0
BRDA:350,14,0,0
BRDA:350,14,1,0
BRDA:357,15,0,0
BRDA:357,15,1,0
BRDA:415,16,0,0
BRDA:415,16,1,0
BRDA:419,17,0,0
BRDA:419,17,1,0
BRDA:439,18,0,0
BRDA:439,18,1,0
BRDA:466,19,0,0
BRDA:466,19,1,0
BRDA:479,20,0,0
BRDA:479,20,1,0
BRDA:480,21,0,0
BRDA:480,21,1,0
BRDA:481,22,0,0
BRDA:481,22,1,0
BRDA:482,23,0,0
BRDA:482,23,1,0
BRDA:483,24,0,0
BRDA:483,24,1,0
BRDA:484,25,0,0
BRDA:484,25,1,0
BRDA:490,26,0,0
BRDA:490,26,1,0
BRF:55
BRH:0
end_of_record
TN:
SF:src/components/home/EditScheduleSheet.tsx
FN:14,EditScheduleSheet
FN:27,(anonymous_1)
FN:33,(anonymous_2)
FN:34,(anonymous_3)
FN:36,(anonymous_4)
FN:36,(anonymous_5)
FN:37,(anonymous_6)
FN:41,(anonymous_7)
FN:45,(anonymous_8)
FN:52,(anonymous_9)
FN:101,(anonymous_10)
FN:130,(anonymous_11)
FN:136,(anonymous_12)
FN:161,(anonymous_13)
FN:187,(anonymous_14)
FN:239,(anonymous_15)
FN:268,(anonymous_16)
FN:279,(anonymous_17)
FN:284,(anonymous_18)
FN:337,(anonymous_19)
FN:364,(anonymous_20)
FNF:21
FNH:0
FNDA:0,EditScheduleSheet
FNDA:0,(anonymous_1)
FNDA:0,(anonymous_2)
FNDA:0,(anonymous_3)
FNDA:0,(anonymous_4)
FNDA:0,(anonymous_5)
FNDA:0,(anonymous_6)
FNDA:0,(anonymous_7)
FNDA:0,(anonymous_8)
FNDA:0,(anonymous_9)
FNDA:0,(anonymous_10)
FNDA:0,(anonymous_11)
FNDA:0,(anonymous_12)
FNDA:0,(anonymous_13)
FNDA:0,(anonymous_14)
FNDA:0,(anonymous_15)
FNDA:0,(anonymous_16)
FNDA:0,(anonymous_17)
FNDA:0,(anonymous_18)
FNDA:0,(anonymous_19)
FNDA:0,(anonymous_20)
DA:21,0
DA:23,0
DA:24,0
DA:25,0
DA:27,0
DA:28,0
DA:29,0
DA:30,0
DA:31,0
DA:33,0
DA:34,0
DA:35,0
DA:36,0
DA:37,0
DA:41,0
DA:42,0
DA:43,0
DA:44,0
DA:45,0
DA:46,0
DA:47,0
DA:48,0
DA:50,0
DA:52,0
DA:53,0
DA:58,0
DA:59,0
DA:60,0
DA:64,0
DA:67,0
DA:68,0
DA:101,0
DA:130,0
DA:136,0
DA:161,0
DA:187,0
DA:206,0
DA:239,0
DA:268,0
DA:280,0
DA:281,0
DA:284,0
DA:338,0
DA:339,0
DA:340,0
DA:363,0
DA:364,0
LF:47
LH:0
BRDA:21,0,0,0
BRDA:21,0,1,0
BRDA:35,1,0,0
BRDA:35,1,1,0
BRDA:43,2,0,0
BRDA:43,2,1,0
BRDA:46,3,0,0
BRDA:46,3,1,0
BRDA:47,4,0,0
BRDA:47,4,1,0
BRDA:50,5,0,0
BRDA:50,5,1,0
BRDA:56,6,0,0
BRDA:56,6,1,0
BRDA:59,7,0,0
BRDA:59,7,1,0
BRDA:67,8,0,0
BRDA:67,8,1,0
BRDA:266,9,0,0
BRDA:266,9,1,0
BRDA:289,10,0,0
BRDA:289,10,1,0
BRDA:290,11,0,0
BRDA:290,11,1,0
BRDA:291,12,0,0
BRDA:291,12,1,0
BRDA:311,13,0,0
BRDA:311,13,1,0
BRDA:312,14,0,0
BRDA:312,14,1,0
BRDA:318,15,0,0
BRDA:318,15,1,0
BRDA:330,16,0,0
BRDA:330,16,1,0
BRDA:338,17,0,0
BRDA:338,17,1,0
BRDA:347,18,0,0
BRDA:347,18,1,0
BRDA:348,19,0,0
BRDA:348,19,1,0
BRDA:349,20,0,0
BRDA:349,20,1,0
BRDA:350,21,0,0
BRDA:350,21,1,0
BRDA:354,22,0,0
BRDA:354,22,1,0
BRF:46
BRH:0
end_of_record
TN:
SF:src/components/home/HomeTab.tsx
FN:23,SectionDivider
FN:37,RestStateCard
FN:158,(anonymous_2)
FN:158,(anonymous_3)
FN:184,(anonymous_4)
FN:207,(anonymous_5)
FN:218,(anonymous_6)
FN:243,(anonymous_7)
FN:243,(anonymous_8)
FN:275,(anonymous_9)
FN:278,(anonymous_10)
FN:280,(anonymous_11)
FN:297,(anonymous_12)
FN:355,HomeTab
FN:392,(anonymous_14)
FN:398,(anonymous_15)
FN:402,(anonymous_16)
FN:428,(anonymous_17)
FN:459,(anonymous_18)
FN:502,(anonymous_19)
FN:517,(anonymous_20)
FN:518,(anonymous_21)
FN:501,(anonymous_22)
FN:561,(anonymous_23)
FN:563,(anonymous_24)
FN:568,(anonymous_25)
FN:634,(anonymous_26)
FN:641,(anonymous_27)
FN:642,(anonymous_28)
FN:666,(anonymous_29)
FN:669,(anonymous_30)
FN:673,(anonymous_31)
FN:704,(anonymous_32)
FN:737,(anonymous_33)
FN:773,(anonymous_34)
FN:774,(anonymous_35)
FN:790,(anonymous_36)
FN:808,(anonymous_37)
FN:836,(anonymous_38)
FN:836,(anonymous_39)
FN:872,(anonymous_40)
FNF:41
FNH:13
FNDA:7,SectionDivider
FNDA:5,RestStateCard
FNDA:0,(anonymous_2)
FNDA:0,(anonymous_3)
FNDA:0,(anonymous_4)
FNDA:0,(anonymous_5)
FNDA:0,(anonymous_6)
FNDA:0,(anonymous_7)
FNDA:0,(anonymous_8)
FNDA:0,(anonymous_9)
FNDA:0,(anonymous_10)
FNDA:0,(anonymous_11)
FNDA:0,(anonymous_12)
FNDA:7,HomeTab
FNDA:7,(anonymous_14)
FNDA:0,(anonymous_15)
FNDA:7,(anonymous_16)
FNDA:7,(anonymous_17)
FNDA:7,(anonymous_18)
FNDA:0,(anonymous_19)
FNDA:0,(anonymous_20)
FNDA:0,(anonymous_21)
FNDA:7,(anonymous_22)
FNDA:21,(anonymous_23)
FNDA:14,(anonymous_24)
FNDA:1,(anonymous_25)
FNDA:1,(anonymous_26)
FNDA:0,(anonymous_27)
FNDA:0,(anonymous_28)
FNDA:2,(anonymous_29)
FNDA:0,(anonymous_30)
FNDA:0,(anonymous_31)
FNDA:0,(anonymous_32)
FNDA:0,(anonymous_33)
FNDA:0,(anonymous_34)
FNDA:0,(anonymous_35)
FNDA:0,(anonymous_36)
FNDA:0,(anonymous_37)
FNDA:0,(anonymous_38)
FNDA:0,(anonymous_39)
FNDA:0,(anonymous_40)
DA:24,7
DA:77,5
DA:78,5
DA:79,5
DA:80,5
DA:81,15
DA:82,0
DA:83,0
DA:89,5
DA:93,5
DA:94,5
DA:99,5
DA:103,5
DA:115,5
DA:158,0
DA:185,0
DA:208,0
DA:219,0
DA:243,0
DA:275,0
DA:279,0
DA:280,0
DA:281,0
DA:297,0
DA:392,7
DA:393,7
DA:394,7
DA:396,7
DA:397,7
DA:398,7
DA:399,7
DA:400,7
DA:402,7
DA:403,7
DA:404,7
DA:407,7
DA:408,7
DA:409,7
DA:410,7
DA:411,7
DA:412,7
DA:413,7
DA:414,2282
DA:415,2282
DA:416,42
DA:417,42
DA:419,2282
DA:423,7
DA:424,7
DA:425,7
DA:426,7
DA:427,7
DA:428,7
DA:429,7
DA:430,7
DA:432,7
DA:433,7
DA:434,7
DA:435,7
DA:436,7
DA:437,7
DA:440,7
DA:441,7
DA:442,7
DA:443,7
DA:444,7
DA:445,7
DA:446,2282
DA:447,2282
DA:448,42
DA:449,2
DA:450,2
DA:452,42
DA:454,2282
DA:458,7
DA:459,7
DA:460,7
DA:461,0
DA:462,0
DA:463,0
DA:464,0
DA:467,7
DA:470,7
DA:474,7
DA:502,0
DA:517,0
DA:518,0
DA:522,7
DA:523,7
DA:524,7
DA:562,21
DA:563,21
DA:564,21
DA:565,21
DA:568,1
DA:634,1
DA:641,0
DA:642,0
DA:667,2
DA:668,2
DA:669,0
DA:671,2
DA:672,2
DA:673,2
DA:674,2
DA:704,0
DA:737,0
DA:774,0
DA:775,0
DA:791,0
DA:808,0
DA:836,0
DA:873,0
LF:113
LH:83
BRDA:78,0,0,5
BRDA:78,0,1,0
BRDA:81,1,0,0
BRDA:81,1,1,15
BRDA:82,2,0,0
BRDA:82,2,1,0
BRDA:89,3,0,0
BRDA:89,3,1,5
BRDA:89,4,0,5
BRDA:89,4,1,0
BRDA:93,5,0,5
BRDA:93,5,1,0
BRDA:94,6,0,0
BRDA:94,6,1,5
BRDA:96,7,0,0
BRDA:96,7,1,5
BRDA:99,8,0,0
BRDA:99,8,1,5
BRDA:99,9,0,5
BRDA:99,9,1,5
BRDA:103,10,0,0
BRDA:103,10,1,5
BRDA:131,11,0,0
BRDA:131,11,1,5
BRDA:131,12,0,5
BRDA:131,12,1,5
BRDA:132,13,0,0
BRDA:132,13,1,5
BRDA:132,14,0,5
BRDA:132,14,1,5
BRDA:138,15,0,5
BRDA:138,15,1,5
BRDA:138,15,2,0
BRDA:148,16,0,5
BRDA:148,16,1,5
BRDA:148,16,2,0
BRDA:172,17,0,0
BRDA:172,17,1,5
BRDA:177,18,0,0
BRDA:177,18,1,5
BRDA:182,19,0,5
BRDA:182,19,1,0
BRDA:213,20,0,0
BRDA:213,20,1,0
BRDA:232,21,0,5
BRDA:232,21,1,5
BRDA:267,22,0,0
BRDA:267,22,1,5
BRDA:272,23,0,5
BRDA:272,23,1,0
BRDA:279,24,0,0
BRDA:279,24,1,0
BRDA:280,25,0,0
BRDA:280,25,1,0
BRDA:282,26,0,0
BRDA:282,26,1,0
BRDA:285,27,0,0
BRDA:285,27,1,0
BRDA:288,28,0,0
BRDA:288,28,1,0
BRDA:397,29,0,7
BRDA:397,29,1,0
BRDA:398,30,0,7
BRDA:398,30,1,7
BRDA:403,31,0,7
BRDA:403,31,1,0
BRDA:404,32,0,7
BRDA:404,32,1,0
BRDA:404,33,0,7
BRDA:404,33,1,0
BRDA:407,34,0,7
BRDA:407,34,1,0
BRDA:409,35,0,7
BRDA:409,35,1,0
BRDA:409,36,0,7
BRDA:409,36,1,7
BRDA:413,37,0,7
BRDA:413,37,1,2284
BRDA:415,38,0,42
BRDA:415,38,1,2240
BRDA:425,39,0,2
BRDA:425,39,1,5
BRDA:426,40,0,2
BRDA:426,40,1,5
BRDA:427,41,0,7
BRDA:427,41,1,2
BRDA:429,42,0,7
BRDA:429,42,1,2
BRDA:429,42,2,2
BRDA:430,43,0,7
BRDA:430,43,1,5
BRDA:432,44,0,2
BRDA:432,44,1,5
BRDA:433,45,0,2
BRDA:433,45,1,5
BRDA:434,46,0,2
BRDA:434,46,1,5
BRDA:434,47,0,7
BRDA:434,47,1,2
BRDA:435,48,0,2
BRDA:435,48,1,5
BRDA:435,49,0,7
BRDA:435,49,1,2
BRDA:436,50,0,7
BRDA:436,50,1,0
BRDA:437,51,0,7
BRDA:437,51,1,2
BRDA:441,52,0,7
BRDA:441,52,1,0
BRDA:441,53,0,7
BRDA:441,53,1,7
BRDA:445,54,0,7
BRDA:445,54,1,2284
BRDA:447,55,0,42
BRDA:447,55,1,2240
BRDA:448,56,0,2
BRDA:448,56,1,40
BRDA:450,57,0,2
BRDA:450,57,1,0
BRDA:458,58,0,7
BRDA:458,58,1,0
BRDA:460,59,0,2
BRDA:460,59,1,5
BRDA:462,60,0,0
BRDA:462,60,1,0
BRDA:470,61,0,0
BRDA:470,61,1,7
BRDA:471,62,0,0
BRDA:471,62,1,0
BRDA:472,63,0,7
BRDA:472,63,1,0
BRDA:486,64,0,7
BRDA:486,64,1,7
BRDA:552,65,0,7
BRDA:552,65,1,0
BRDA:563,66,0,21
BRDA:563,66,1,21
BRDA:571,67,0,0
BRDA:571,67,1,21
BRDA:571,68,0,7
BRDA:571,68,1,14
BRDA:572,69,0,0
BRDA:572,69,1,21
BRDA:572,70,0,7
BRDA:572,70,1,14
BRDA:576,71,0,0
BRDA:576,71,1,21
BRDA:576,72,0,7
BRDA:576,72,1,14
BRDA:577,73,0,21
BRDA:577,73,1,0
BRDA:580,74,0,0
BRDA:580,74,1,21
BRDA:580,75,0,7
BRDA:580,75,1,14
BRDA:600,76,0,5
BRDA:600,76,1,2
BRDA:600,77,0,7
BRDA:600,77,1,2
BRDA:646,78,0,2
BRDA:646,78,1,0
BRDA:668,79,0,0
BRDA:668,79,1,2
BRDA:669,80,0,0
BRDA:669,80,1,0
BRDA:669,80,2,0
BRDA:671,81,0,0
BRDA:671,81,1,2
BRDA:672,82,0,2
BRDA:672,82,1,2
BRDA:673,83,0,0
BRDA:673,83,1,2
BRDA:680,84,0,0
BRDA:680,84,1,2
BRDA:685,85,0,0
BRDA:685,85,1,2
BRDA:688,86,0,2
BRDA:688,86,1,0
BRDA:691,87,0,2
BRDA:691,87,1,0
BRDA:701,88,0,2
BRDA:701,88,1,2
BRDA:724,89,0,7
BRDA:724,89,1,5
BRDA:734,90,0,0
BRDA:734,90,1,7
BRDA:740,91,0,0
BRDA:740,91,1,0
BRDA:748,92,0,0
BRDA:748,92,1,0
BRDA:749,93,0,0
BRDA:749,93,1,0
BRDA:755,94,0,0
BRDA:755,94,1,0
BRDA:759,95,0,0
BRDA:759,95,1,0
BRDA:760,96,0,0
BRDA:760,96,1,0
BRDA:763,97,0,0
BRDA:763,97,1,0
BRDA:779,98,0,0
BRDA:779,98,1,0
BRDA:782,99,0,0
BRDA:782,99,1,0
BRDA:782,100,0,0
BRDA:782,100,1,0
BRDA:785,101,0,0
BRDA:785,101,1,0
BRDA:785,101,2,0
BRDA:820,102,0,0
BRDA:820,102,1,7
BRDA:828,103,0,7
BRDA:828,103,1,2
BRDA:828,103,2,2
BRDA:852,104,0,2
BRDA:852,104,1,2
BRDA:862,105,0,0
BRDA:862,105,1,2
BRDA:867,106,0,2
BRDA:867,106,1,0
BRF:220
BRH:128
end_of_record
TN:
SF:src/components/home/HomeView.tsx
FN:48,HomeView
FN:67,(anonymous_1)
FN:71,(anonymous_2)
FN:77,(anonymous_3)
FN:81,(anonymous_4)
FN:94,(anonymous_5)
FN:95,(anonymous_6)
FN:97,(anonymous_7)
FN:120,(anonymous_8)
FN:124,(anonymous_9)
FN:131,(anonymous_10)
FN:140,(anonymous_11)
FN:155,(anonymous_12)
FN:174,(anonymous_13)
FN:176,(anonymous_14)
FN:182,(anonymous_15)
FN:186,(anonymous_16)
FN:214,(anonymous_17)
FN:224,(anonymous_18)
FN:229,(anonymous_19)
FN:292,(anonymous_20)
FN:299,(anonymous_21)
FN:344,(anonymous_22)
FN:374,(anonymous_23)
FN:423,(anonymous_24)
FN:426,(anonymous_25)
FN:458,(anonymous_26)
FN:471,(anonymous_27)
FN:472,(anonymous_28)
FN:495,(anonymous_29)
FN:500,(anonymous_30)
FN:518,(anonymous_31)
FN:537,(anonymous_32)
FN:557,(anonymous_33)
FN:578,(anonymous_34)
FN:602,(anonymous_35)
FN:656,(anonymous_36)
FN:658,(anonymous_37)
FN:676,(anonymous_38)
FN:795,(anonymous_39)
FN:823,(anonymous_40)
FN:832,(anonymous_41)
FNF:42
FNH:0
FNDA:0,HomeView
FNDA:0,(anonymous_1)
FNDA:0,(anonymous_2)
FNDA:0,(anonymous_3)
FNDA:0,(anonymous_4)
FNDA:0,(anonymous_5)
FNDA:0,(anonymous_6)
FNDA:0,(anonymous_7)
FNDA:0,(anonymous_8)
FNDA:0,(anonymous_9)
FNDA:0,(anonymous_10)
FNDA:0,(anonymous_11)
FNDA:0,(anonymous_12)
FNDA:0,(anonymous_13)
FNDA:0,(anonymous_14)
FNDA:0,(anonymous_15)
FNDA:0,(anonymous_16)
FNDA:0,(anonymous_17)
FNDA:0,(anonymous_18)
FNDA:0,(anonymous_19)
FNDA:0,(anonymous_20)
FNDA:0,(anonymous_21)
FNDA:0,(anonymous_22)
FNDA:0,(anonymous_23)
FNDA:0,(anonymous_24)
FNDA:0,(anonymous_25)
FNDA:0,(anonymous_26)
FNDA:0,(anonymous_27)
FNDA:0,(anonymous_28)
FNDA:0,(anonymous_29)
FNDA:0,(anonymous_30)
FNDA:0,(anonymous_31)
FNDA:0,(anonymous_32)
FNDA:0,(anonymous_33)
FNDA:0,(anonymous_34)
FNDA:0,(anonymous_35)
FNDA:0,(anonymous_36)
FNDA:0,(anonymous_37)
FNDA:0,(anonymous_38)
FNDA:0,(anonymous_39)
FNDA:0,(anonymous_40)
FNDA:0,(anonymous_41)
DA:66,0
DA:67,0
DA:68,0
DA:69,0
DA:71,0
DA:72,0
DA:73,0
DA:75,0
DA:77,0
DA:78,0
DA:81,0
DA:82,0
DA:83,0
DA:84,0
DA:85,0
DA:90,0
DA:91,0
DA:94,0
DA:95,0
DA:96,0
DA:97,0
DA:99,0
DA:100,0
DA:101,0
DA:102,0
DA:103,0
DA:104,0
DA:107,0
DA:108,0
DA:109,0
DA:110,0
DA:111,0
DA:114,0
DA:115,0
DA:116,0
DA:117,0
DA:120,0
DA:121,0
DA:122,0
DA:124,0
DA:125,0
DA:126,0
DA:128,0
DA:131,0
DA:132,0
DA:133,0
DA:134,0
DA:136,0
DA:140,0
DA:141,0
DA:142,0
DA:143,0
DA:144,0
DA:145,0
DA:146,0
DA:147,0
DA:148,0
DA:155,0
DA:156,0
DA:157,0
DA:158,0
DA:159,0
DA:160,0
DA:163,0
DA:164,0
DA:165,0
DA:166,0
DA:167,0
DA:168,0
DA:169,0
DA:171,0
DA:174,0
DA:175,0
DA:176,0
DA:177,0
DA:179,0
DA:182,0
DA:183,0
DA:186,0
DA:187,0
DA:188,0
DA:189,0
DA:190,0
DA:191,0
DA:192,0
DA:193,0
DA:194,0
DA:195,0
DA:196,0
DA:197,0
DA:198,0
DA:199,0
DA:200,0
DA:201,0
DA:203,0
DA:205,0
DA:208,0
DA:210,0
DA:211,0
DA:212,0
DA:214,0
DA:215,0
DA:216,0
DA:218,0
DA:219,0
DA:220,0
DA:224,0
DA:229,0
DA:230,0
DA:231,0
DA:232,0
DA:233,0
DA:240,0
DA:292,0
DA:293,0
DA:294,0
DA:295,0
DA:296,0
DA:299,0
DA:300,0
DA:301,0
DA:302,0
DA:303,0
DA:306,0
DA:345,0
DA:346,0
DA:375,0
DA:385,0
DA:386,0
DA:424,0
DA:426,0
DA:458,0
DA:471,0
DA:472,0
DA:495,0
DA:501,0
DA:502,0
DA:514,0
DA:519,0
DA:538,0
DA:558,0
DA:579,0
DA:597,0
DA:602,0
DA:657,0
DA:658,0
DA:659,0
DA:676,0
DA:796,0
DA:797,0
DA:824,0
DA:825,0
DA:826,0
DA:832,0
LF:154
LH:0
BRDA:75,0,0,0
BRDA:75,0,1,0
BRDA:82,1,0,0
BRDA:82,1,1,0
BRDA:85,2,0,0
BRDA:85,2,1,0
BRDA:126,3,0,0
BRDA:126,3,1,0
BRDA:133,4,0,0
BRDA:133,4,1,0
BRDA:134,5,0,0
BRDA:134,5,1,0
BRDA:134,5,2,0
BRDA:134,5,3,0
BRDA:141,6,0,0
BRDA:141,6,1,0
BRDA:145,7,0,0
BRDA:145,7,1,0
BRDA:160,8,0,0
BRDA:160,8,1,0
BRDA:160,9,0,0
BRDA:160,9,1,0
BRDA:169,10,0,0
BRDA:169,10,1,0
BRDA:169,11,0,0
BRDA:169,11,1,0
BRDA:177,12,0,0
BRDA:177,12,1,0
BRDA:187,13,0,0
BRDA:187,13,1,0
BRDA:188,14,0,0
BRDA:188,14,1,0
BRDA:188,15,0,0
BRDA:188,15,1,0
BRDA:195,16,0,0
BRDA:195,16,1,0
BRDA:199,17,0,0
BRDA:199,17,1,0
BRDA:200,18,0,0
BRDA:200,18,1,0
BRDA:210,19,0,0
BRDA:210,19,1,0
BRDA:212,20,0,0
BRDA:212,20,1,0
BRDA:216,21,0,0
BRDA:216,21,1,0
BRDA:220,22,0,0
BRDA:220,22,1,0
BRDA:230,23,0,0
BRDA:230,23,1,0
BRDA:232,24,0,0
BRDA:232,24,1,0
BRDA:240,25,0,0
BRDA:240,25,1,0
BRDA:251,26,0,0
BRDA:251,26,1,0
BRDA:330,27,0,0
BRDA:330,27,1,0
BRDA:410,28,0,0
BRDA:410,28,1,0
BRDA:524,29,0,0
BRDA:524,29,1,0
BRDA:525,30,0,0
BRDA:525,30,1,0
BRDA:543,31,0,0
BRDA:543,31,1,0
BRDA:544,32,0,0
BRDA:544,32,1,0
BRDA:563,33,0,0
BRDA:563,33,1,0
BRDA:564,34,0,0
BRDA:564,34,1,0
BRDA:584,35,0,0
BRDA:584,35,1,0
BRDA:585,36,0,0
BRDA:585,36,1,0
BRDA:600,37,0,0
BRDA:600,37,1,0
BRDA:602,38,0,0
BRDA:602,38,1,0
BRDA:605,39,0,0
BRDA:605,39,1,0
BRDA:697,40,0,0
BRDA:697,40,1,0
BRDA:737,41,0,0
BRDA:737,41,1,0
BRDA:747,42,0,0
BRDA:747,42,1,0
BRDA:781,43,0,0
BRDA:781,43,1,0
BRDA:792,44,0,0
BRDA:792,44,1,0
BRDA:803,45,0,0
BRDA:803,45,1,0
BRDA:825,46,0,0
BRDA:825,46,1,0
BRDA:847,47,0,0
BRDA:847,47,1,0
BRDA:849,48,0,0
BRDA:849,48,1,0
BRDA:856,49,0,0
BRDA:856,49,1,0
BRDA:876,50,0,0
BRDA:876,50,1,0
BRDA:878,51,0,0
BRDA:878,51,1,0
BRF:106
BRH:0
end_of_record
TN:
SF:src/components/home/MesoOverview.tsx
FN:17,SubHeader
FN:65,MesoOverviewContent
FN:80,(anonymous_2)
FN:142,(anonymous_3)
FN:164,(anonymous_4)
FN:187,(anonymous_5)
FN:318,(anonymous_6)
FN:350,MesoHistory
FN:389,(anonymous_8)
FN:415,WeeklySummary
FN:449,MesoOverview
FNF:11
FNH:0
FNDA:0,SubHeader
FNDA:0,MesoOverviewContent
FNDA:0,(anonymous_2)
FNDA:0,(anonymous_3)
FNDA:0,(anonymous_4)
FNDA:0,(anonymous_5)
FNDA:0,(anonymous_6)
FNDA:0,MesoHistory
FNDA:0,(anonymous_8)
FNDA:0,WeeklySummary
FNDA:0,MesoOverview
DA:18,0
DA:66,0
DA:67,0
DA:68,0
DA:69,0
DA:70,0
DA:72,0
DA:79,0
DA:80,0
DA:81,0
DA:82,0
DA:83,0
DA:85,0
DA:93,0
DA:143,0
DA:144,0
DA:145,0
DA:165,0
DA:188,0
DA:189,0
DA:190,0
DA:191,0
DA:192,0
DA:193,0
DA:194,0
DA:196,0
DA:319,0
DA:351,0
DA:352,0
DA:390,0
DA:416,0
DA:450,0
DA:451,0
DA:459,0
DA:460,0
DA:463,0
DA:464,0
DA:474,0
LF:38
LH:0
BRDA:70,0,0,0
BRDA:70,0,1,0
BRDA:82,1,0,0
BRDA:82,1,1,0
BRDA:82,2,0,0
BRDA:82,2,1,0
BRDA:88,3,0,0
BRDA:88,3,1,0
BRDA:111,4,0,0
BRDA:111,4,1,0
BRDA:143,5,0,0
BRDA:143,5,1,0
BRDA:150,6,0,0
BRDA:150,6,1,0
BRDA:153,7,0,0
BRDA:153,7,1,0
BRDA:155,8,0,0
BRDA:155,8,1,0
BRDA:156,9,0,0
BRDA:156,9,1,0
BRDA:190,10,0,0
BRDA:190,10,1,0
BRDA:191,11,0,0
BRDA:191,11,1,0
BRDA:193,12,0,0
BRDA:193,12,1,0
BRDA:193,13,0,0
BRDA:193,13,1,0
BRDA:194,14,0,0
BRDA:194,14,1,0
BRDA:194,15,0,0
BRDA:194,15,1,0
BRDA:202,16,0,0
BRDA:202,16,1,0
BRDA:203,17,0,0
BRDA:203,17,1,0
BRDA:227,18,0,0
BRDA:227,18,1,0
BRDA:229,19,0,0
BRDA:229,19,1,0
BRDA:264,20,0,0
BRDA:264,20,1,0
BRDA:264,20,2,0
BRDA:266,21,0,0
BRDA:266,21,1,0
BRDA:280,22,0,0
BRDA:280,22,1,0
BRDA:351,23,0,0
BRDA:351,23,1,0
BRDA:383,24,0,0
BRDA:383,24,1,0
BRDA:400,25,0,0
BRDA:400,25,1,0
BRDA:400,26,0,0
BRDA:400,26,1,0
BRDA:403,27,0,0
BRDA:403,27,1,0
BRDA:450,28,0,0
BRDA:450,28,1,0
BRDA:459,29,0,0
BRDA:459,29,1,0
BRDA:463,30,0,0
BRDA:463,30,1,0
BRF:63
BRH:0
end_of_record
TN:
SF:src/components/home/MobilityCard.tsx
FN:9,MobilityCard
FN:14,(anonymous_1)
FNF:2
FNH:1
FNDA:7,MobilityCard
FNDA:0,(anonymous_1)
DA:10,7
DA:11,7
DA:12,7
DA:14,0
LF:4
LH:3
BRDA:50,0,0,0
BRDA:50,0,1,7
BRF:2
BRH:1
end_of_record
TN:
SF:src/components/home/NoMesoShell.tsx
FN:11,NoMesoShell
FNF:1
FNH:0
FNDA:0,NoMesoShell
DA:12,0
LF:1
LH:0
BRDA:42,0,0,0
BRDA:42,0,1,0
BRF:2
BRH:0
end_of_record
TN:
SF:src/components/home/ProgressTab.tsx
FN:11,ProgressTab
FNF:1
FNH:0
FNDA:0,ProgressTab
DA:12,0
LF:1
LH:0
BRF:0
BRH:0
end_of_record
TN:
SF:src/components/home/ProgressView.tsx
FN:22,sessionTagToCategory
FN:27,flattenMuscleSets
FN:29,(anonymous_2)
FN:30,(anonymous_3)
FN:37,getLandmarkStatus
FN:80,calcMuscleSetsByTag
FN:82,(anonymous_6)
FN:87,(anonymous_7)
FN:89,(anonymous_8)
FN:107,VolumeLandmarksCard
FN:110,(anonymous_10)
FN:111,(anonymous_11)
FN:114,(anonymous_12)
FN:159,(anonymous_13)
FN:177,(anonymous_14)
FN:390,ProgressView
FN:394,(anonymous_16)
FN:399,(anonymous_17)
FN:401,(anonymous_18)
FN:413,(anonymous_19)
FN:419,(anonymous_20)
FN:446,(anonymous_21)
FN:449,(anonymous_22)
FN:450,(anonymous_23)
FN:468,(anonymous_24)
FN:474,(anonymous_25)
FN:475,(anonymous_26)
FN:476,(anonymous_27)
FN:488,(anonymous_28)
FN:674,(anonymous_29)
FN:689,(anonymous_30)
FN:709,(anonymous_31)
FN:724,(anonymous_32)
FN:744,(anonymous_33)
FN:744,(anonymous_34)
FN:775,(anonymous_35)
FN:853,(anonymous_36)
FN:916,(anonymous_37)
FN:917,(anonymous_38)
FN:1032,(anonymous_39)
FN:1034,(anonymous_40)
FN:1035,(anonymous_41)
FN:1039,(anonymous_42)
FN:1082,(anonymous_43)
FN:1236,(anonymous_44)
FN:1238,(anonymous_45)
FN:1243,(anonymous_46)
FN:1258,(anonymous_47)
FN:1272,(anonymous_48)
FN:1335,(anonymous_49)
FN:1410,(anonymous_50)
FNF:51
FNH:0
FNDA:0,sessionTagToCategory
FNDA:0,flattenMuscleSets
FNDA:0,(anonymous_2)
FNDA:0,(anonymous_3)
FNDA:0,getLandmarkStatus
FNDA:0,calcMuscleSetsByTag
FNDA:0,(anonymous_6)
FNDA:0,(anonymous_7)
FNDA:0,(anonymous_8)
FNDA:0,VolumeLandmarksCard
FNDA:0,(anonymous_10)
FNDA:0,(anonymous_11)
FNDA:0,(anonymous_12)
FNDA:0,(anonymous_13)
FNDA:0,(anonymous_14)
FNDA:0,ProgressView
FNDA:0,(anonymous_16)
FNDA:0,(anonymous_17)
FNDA:0,(anonymous_18)
FNDA:0,(anonymous_19)
FNDA:0,(anonymous_20)
FNDA:0,(anonymous_21)
FNDA:0,(anonymous_22)
FNDA:0,(anonymous_23)
FNDA:0,(anonymous_24)
FNDA:0,(anonymous_25)
FNDA:0,(anonymous_26)
FNDA:0,(anonymous_27)
FNDA:0,(anonymous_28)
FNDA:0,(anonymous_29)
FNDA:0,(anonymous_30)
FNDA:0,(anonymous_31)
FNDA:0,(anonymous_32)
FNDA:0,(anonymous_33)
FNDA:0,(anonymous_34)
FNDA:0,(anonymous_35)
FNDA:0,(anonymous_36)
FNDA:0,(anonymous_37)
FNDA:0,(anonymous_38)
FNDA:0,(anonymous_39)
FNDA:0,(anonymous_40)
FNDA:0,(anonymous_41)
FNDA:0,(anonymous_42)
FNDA:0,(anonymous_43)
FNDA:0,(anonymous_44)
FNDA:0,(anonymous_45)
FNDA:0,(anonymous_46)
FNDA:0,(anonymous_47)
FNDA:0,(anonymous_48)
FNDA:0,(anonymous_49)
FNDA:0,(anonymous_50)
DA:23,0
DA:24,0
DA:28,0
DA:29,0
DA:30,0
DA:31,0
DA:34,0
DA:38,0
DA:39,0
DA:40,0
DA:47,0
DA:48,0
DA:55,0
DA:56,0
DA:63,0
DA:64,0
DA:71,0
DA:81,0
DA:82,0
DA:83,0
DA:84,0
DA:85,0
DA:86,0
DA:87,0
DA:88,0
DA:89,0
DA:90,0
DA:91,0
DA:92,0
DA:93,0
DA:94,0
DA:95,0
DA:96,0
DA:97,0
DA:98,0
DA:103,0
DA:108,0
DA:109,0
DA:110,0
DA:112,0
DA:113,0
DA:114,0
DA:115,0
DA:116,0
DA:118,0
DA:120,0
DA:121,0
DA:122,0
DA:123,0
DA:124,0
DA:126,0
DA:160,0
DA:178,0
DA:179,0
DA:180,0
DA:181,0
DA:182,0
DA:183,0
DA:184,0
DA:185,0
DA:186,0
DA:187,0
DA:188,0
DA:391,0
DA:392,0
DA:394,0
DA:395,0
DA:397,0
DA:399,0
DA:401,0
DA:402,0
DA:403,0
DA:404,0
DA:405,0
DA:406,0
DA:409,0
DA:412,0
DA:413,0
DA:416,0
DA:417,0
DA:419,0
DA:420,0
DA:446,0
DA:447,0
DA:448,0
DA:449,0
DA:450,0
DA:451,0
DA:452,0
DA:455,0
DA:457,0
DA:458,0
DA:459,0
DA:461,0
DA:462,0
DA:463,0
DA:464,0
DA:465,0
DA:466,0
DA:467,0
DA:468,0
DA:469,0
DA:470,0
DA:471,0
DA:473,0
DA:474,0
DA:475,0
DA:476,0
DA:479,0
DA:483,0
DA:488,0
DA:489,0
DA:490,0
DA:491,0
DA:492,0
DA:493,0
DA:494,0
DA:495,0
DA:497,0
DA:500,0
DA:674,0
DA:690,0
DA:691,0
DA:709,0
DA:725,0
DA:726,0
DA:744,0
DA:776,0
DA:777,0
DA:778,0
DA:853,0
DA:854,0
DA:855,0
DA:917,0
DA:918,0
DA:919,0
DA:920,0
DA:958,0
DA:1033,0
DA:1034,0
DA:1035,0
DA:1036,0
DA:1037,0
DA:1038,0
DA:1039,0
DA:1040,0
DA:1041,0
DA:1042,0
DA:1043,0
DA:1044,0
DA:1045,0
DA:1046,0
DA:1048,0
DA:1060,0
DA:1061,0
DA:1083,0
DA:1084,0
DA:1237,0
DA:1238,0
DA:1239,0
DA:1240,0
DA:1241,0
DA:1242,0
DA:1243,0
DA:1244,0
DA:1245,0
DA:1246,0
DA:1249,0
DA:1258,0
DA:1259,0
DA:1260,0
DA:1272,0
DA:1336,0
DA:1410,0
LF:174
LH:0
BRDA:23,0,0,0
BRDA:23,0,1,0
BRDA:23,1,0,0
BRDA:23,1,1,0
BRDA:23,1,2,0
BRDA:30,2,0,0
BRDA:30,2,1,0
BRDA:31,3,0,0
BRDA:31,3,1,0
BRDA:38,4,0,0
BRDA:38,4,1,0
BRDA:39,5,0,0
BRDA:39,5,1,0
BRDA:47,6,0,0
BRDA:47,6,1,0
BRDA:55,7,0,0
BRDA:55,7,1,0
BRDA:63,8,0,0
BRDA:63,8,1,0
BRDA:84,9,0,0
BRDA:84,9,1,0
BRDA:84,10,0,0
BRDA:84,10,1,0
BRDA:85,11,0,0
BRDA:85,11,1,0
BRDA:88,12,0,0
BRDA:88,12,1,0
BRDA:89,13,0,0
BRDA:89,13,1,0
BRDA:89,13,2,0
BRDA:90,14,0,0
BRDA:90,14,1,0
BRDA:92,15,0,0
BRDA:92,15,1,0
BRDA:93,16,0,0
BRDA:93,16,1,0
BRDA:93,16,2,0
BRDA:94,17,0,0
BRDA:94,17,1,0
BRDA:95,18,0,0
BRDA:95,18,1,0
BRDA:96,19,0,0
BRDA:96,19,1,0
BRDA:97,20,0,0
BRDA:97,20,1,0
BRDA:98,21,0,0
BRDA:98,21,1,0
BRDA:110,22,0,0
BRDA:110,22,1,0
BRDA:115,23,0,0
BRDA:115,23,1,0
BRDA:115,24,0,0
BRDA:115,24,1,0
BRDA:115,25,0,0
BRDA:115,25,1,0
BRDA:116,26,0,0
BRDA:116,26,1,0
BRDA:118,27,0,0
BRDA:118,27,1,0
BRDA:150,28,0,0
BRDA:150,28,1,0
BRDA:193,29,0,0
BRDA:193,29,1,0
BRDA:403,30,0,0
BRDA:403,30,1,0
BRDA:404,31,0,0
BRDA:404,31,1,0
BRDA:406,32,0,0
BRDA:406,32,1,0
BRDA:412,33,0,0
BRDA:412,33,1,0
BRDA:416,34,0,0
BRDA:416,34,1,0
BRDA:449,35,0,0
BRDA:449,35,1,0
BRDA:451,36,0,0
BRDA:451,36,1,0
BRDA:452,37,0,0
BRDA:452,37,1,0
BRDA:455,38,0,0
BRDA:455,38,1,0
BRDA:458,39,0,0
BRDA:458,39,1,0
BRDA:467,40,0,0
BRDA:467,40,1,0
BRDA:469,41,0,0
BRDA:469,41,1,0
BRDA:473,42,0,0
BRDA:473,42,1,0
BRDA:476,43,0,0
BRDA:476,43,1,0
BRDA:479,44,0,0
BRDA:479,44,1,0
BRDA:479,44,2,0
BRDA:479,44,3,0
BRDA:479,44,4,0
BRDA:479,44,5,0
BRDA:483,45,0,0
BRDA:483,45,1,0
BRDA:484,46,0,0
BRDA:484,46,1,0
BRDA:490,47,0,0
BRDA:490,47,1,0
BRDA:490,48,0,0
BRDA:490,48,1,0
BRDA:490,48,2,0
BRDA:493,49,0,0
BRDA:493,49,1,0
BRDA:529,50,0,0
BRDA:529,50,1,0
BRDA:535,51,0,0
BRDA:535,51,1,0
BRDA:537,52,0,0
BRDA:537,52,1,0
BRDA:542,53,0,0
BRDA:542,53,1,0
BRDA:559,54,0,0
BRDA:559,54,1,0
BRDA:579,55,0,0
BRDA:579,55,1,0
BRDA:654,56,0,0
BRDA:654,56,1,0
BRDA:657,57,0,0
BRDA:657,57,1,0
BRDA:660,58,0,0
BRDA:660,58,1,0
BRDA:660,58,2,0
BRDA:668,59,0,0
BRDA:668,59,1,0
BRDA:690,60,0,0
BRDA:690,60,1,0
BRDA:691,61,0,0
BRDA:691,61,1,0
BRDA:725,62,0,0
BRDA:725,62,1,0
BRDA:739,63,0,0
BRDA:739,63,1,0
BRDA:763,64,0,0
BRDA:763,64,1,0
BRDA:765,65,0,0
BRDA:765,65,1,0
BRDA:767,66,0,0
BRDA:767,66,1,0
BRDA:777,67,0,0
BRDA:777,67,1,0
BRDA:786,68,0,0
BRDA:786,68,1,0
BRDA:787,69,0,0
BRDA:787,69,1,0
BRDA:795,70,0,0
BRDA:795,70,1,0
BRDA:800,71,0,0
BRDA:800,71,1,0
BRDA:815,72,0,0
BRDA:815,72,1,0
BRDA:821,73,0,0
BRDA:821,73,1,0
BRDA:823,74,0,0
BRDA:823,74,1,0
BRDA:828,75,0,0
BRDA:828,75,1,0
BRDA:854,76,0,0
BRDA:854,76,1,0
BRDA:884,77,0,0
BRDA:884,77,1,0
BRDA:918,78,0,0
BRDA:918,78,1,0
BRDA:936,79,0,0
BRDA:936,79,1,0
BRDA:1036,80,0,0
BRDA:1036,80,1,0
BRDA:1038,81,0,0
BRDA:1038,81,1,0
BRDA:1039,82,0,0
BRDA:1039,82,1,0
BRDA:1042,83,0,0
BRDA:1042,83,1,0
BRDA:1046,84,0,0
BRDA:1046,84,1,0
BRDA:1053,85,0,0
BRDA:1053,85,1,0
BRDA:1060,86,0,0
BRDA:1060,86,1,0
BRDA:1083,87,0,0
BRDA:1083,87,1,0
BRDA:1090,88,0,0
BRDA:1090,88,1,0
BRDA:1114,89,0,0
BRDA:1114,89,1,0
BRDA:1130,90,0,0
BRDA:1130,90,1,0
BRDA:1130,90,2,0
BRDA:1171,91,0,0
BRDA:1171,91,1,0
BRDA:1171,91,2,0
BRDA:1189,92,0,0
BRDA:1189,92,1,0
BRDA:1189,93,0,0
BRDA:1189,93,1,0
BRDA:1237,94,0,0
BRDA:1237,94,1,0
BRDA:1242,95,0,0
BRDA:1242,95,1,0
BRDA:1243,96,0,0
BRDA:1243,96,1,0
BRDA:1243,96,2,0
BRDA:1244,97,0,0
BRDA:1244,97,1,0
BRDA:1265,98,0,0
BRDA:1265,98,1,0
BRDA:1272,99,0,0
BRDA:1272,99,1,0
BRDA:1276,100,0,0
BRDA:1276,100,1,0
BRDA:1278,101,0,0
BRDA:1278,101,1,0
BRDA:1308,102,0,0
BRDA:1308,102,1,0
BRDA:1310,103,0,0
BRDA:1310,103,1,0
BRDA:1326,104,0,0
BRDA:1326,104,1,0
BRDA:1333,105,0,0
BRDA:1333,105,1,0
BRDA:1344,106,0,0
BRDA:1344,106,1,0
BRDA:1363,107,0,0
BRDA:1363,107,1,0
BRDA:1366,108,0,0
BRDA:1366,108,1,0
BRDA:1392,109,0,0
BRDA:1392,109,1,0
BRDA:1397,110,0,0
BRDA:1397,110,1,0
BRF:234
BRH:0
end_of_record
TN:
SF:src/components/home/ReadinessCard.tsx
FN:11,ReadinessCard
FN:55,(anonymous_1)
FN:55,(anonymous_2)
FN:127,(anonymous_3)
FN:142,(anonymous_4)
FN:148,(anonymous_5)
FNF:6
FNH:1
FNDA:5,ReadinessCard
FNDA:0,(anonymous_1)
FNDA:0,(anonymous_2)
FNDA:0,(anonymous_3)
FNDA:0,(anonymous_4)
FNDA:0,(anonymous_5)
DA:12,5
DA:13,5
DA:14,5
DA:43,5
DA:44,5
DA:55,0
DA:128,0
DA:143,0
DA:144,0
DA:148,0
LF:10
LH:5
BRDA:43,0,0,5
BRDA:43,0,1,0
BRDA:43,0,2,0
BRDA:62,1,0,0
BRDA:62,1,1,5
BRDA:82,2,0,5
BRDA:82,2,1,0
BRDA:82,2,2,0
BRDA:109,3,0,0
BRDA:109,3,1,5
BRDA:117,4,0,5
BRDA:117,4,1,0
BRDA:157,5,0,0
BRDA:157,5,1,0
BRDA:158,6,0,0
BRDA:158,6,1,0
BRDA:159,7,0,0
BRDA:159,7,1,0
BRDA:170,8,0,0
BRDA:170,8,1,0
BRDA:170,8,2,0
BRDA:204,9,0,5
BRDA:204,9,1,5
BRDA:204,9,2,0
BRDA:204,9,3,0
BRF:25
BRH:7
end_of_record
TN:
SF:src/components/home/RestDaySheet.tsx
FN:17,RestDaySheet
FN:29,(anonymous_1)
FN:103,(anonymous_2)
FN:137,(anonymous_3)
FN:200,(anonymous_4)
FN:246,(anonymous_5)
FN:314,(anonymous_6)
FNF:7
FNH:0
FNDA:0,RestDaySheet
FNDA:0,(anonymous_1)
FNDA:0,(anonymous_2)
FNDA:0,(anonymous_3)
FNDA:0,(anonymous_4)
FNDA:0,(anonymous_5)
FNDA:0,(anonymous_6)
DA:27,0
DA:29,0
DA:30,0
DA:32,0
DA:33,0
DA:34,0
DA:36,0
DA:37,0
DA:38,0
DA:39,0
DA:40,0
DA:41,0
DA:42,0
DA:43,0
DA:44,0
DA:45,0
DA:46,0
DA:47,0
DA:48,0
DA:49,0
DA:50,0
DA:51,0
DA:53,0
DA:55,0
DA:58,0
DA:59,0
DA:61,0
DA:64,0
DA:65,0
DA:66,0
DA:67,0
DA:68,0
DA:69,0
DA:70,0
DA:71,0
DA:72,0
DA:73,0
DA:74,0
DA:75,0
DA:76,0
DA:77,0
DA:78,0
DA:79,0
DA:81,0
DA:83,0
DA:87,0
DA:102,0
DA:103,0
DA:137,0
DA:201,0
DA:247,0
DA:315,0
DA:316,0
DA:317,0
DA:318,0
DA:319,0
LF:56
LH:0
BRDA:27,0,0,0
BRDA:27,0,1,0
BRDA:34,1,0,0
BRDA:34,1,1,0
BRDA:38,2,0,0
BRDA:38,2,1,0
BRDA:38,3,0,0
BRDA:38,3,1,0
BRDA:46,4,0,0
BRDA:46,4,1,0
BRDA:48,5,0,0
BRDA:48,5,1,0
BRDA:49,6,0,0
BRDA:49,6,1,0
BRDA:50,7,0,0
BRDA:50,7,1,0
BRDA:58,8,0,0
BRDA:58,8,1,0
BRDA:58,9,0,0
BRDA:58,9,1,0
BRDA:65,10,0,0
BRDA:65,10,1,0
BRDA:65,11,0,0
BRDA:65,11,1,0
BRDA:72,12,0,0
BRDA:72,12,1,0
BRDA:74,13,0,0
BRDA:74,13,1,0
BRDA:75,14,0,0
BRDA:75,14,1,0
BRDA:77,15,0,0
BRDA:77,15,1,0
BRDA:78,16,0,0
BRDA:78,16,1,0
BRDA:244,17,0,0
BRDA:244,17,1,0
BRDA:279,18,0,0
BRDA:279,18,1,0
BRDA:312,19,0,0
BRDA:312,19,1,0
BRF:40
BRH:0
end_of_record
TN:
SF:src/components/home/ScheduleTab.tsx
FN:21,(anonymous_0)
FN:39,(anonymous_1)
FN:64,NoteViewer
FN:67,(anonymous_3)
FN:100,(anonymous_4)
FN:119,(anonymous_5)
FN:216,ScheduleTab
FN:342,(anonymous_7)
FN:419,(anonymous_8)
FN:419,(anonymous_9)
FN:440,(anonymous_10)
FN:457,(anonymous_11)
FN:457,(anonymous_12)
FN:488,(anonymous_13)
FN:513,(anonymous_14)
FN:563,(anonymous_15)
FN:640,(anonymous_16)
FN:657,(anonymous_17)
FN:713,(anonymous_18)
FN:766,(anonymous_19)
FN:781,(anonymous_20)
FN:785,(anonymous_21)
FN:789,(anonymous_22)
FN:790,(anonymous_23)
FN:836,(anonymous_24)
FNF:25
FNH:0
FNDA:0,(anonymous_0)
FNDA:0,(anonymous_1)
FNDA:0,NoteViewer
FNDA:0,(anonymous_3)
FNDA:0,(anonymous_4)
FNDA:0,(anonymous_5)
FNDA:0,ScheduleTab
FNDA:0,(anonymous_7)
FNDA:0,(anonymous_8)
FNDA:0,(anonymous_9)
FNDA:0,(anonymous_10)
FNDA:0,(anonymous_11)
FNDA:0,(anonymous_12)
FNDA:0,(anonymous_13)
FNDA:0,(anonymous_14)
FNDA:0,(anonymous_15)
FNDA:0,(anonymous_16)
FNDA:0,(anonymous_17)
FNDA:0,(anonymous_18)
FNDA:0,(anonymous_19)
FNDA:0,(anonymous_20)
FNDA:0,(anonymous_21)
FNDA:0,(anonymous_22)
FNDA:0,(anonymous_23)
FNDA:0,(anonymous_24)
DA:21,0
DA:22,0
DA:39,0
DA:40,0
DA:65,0
DA:66,0
DA:67,0
DA:100,0
DA:120,0
DA:121,0
DA:122,0
DA:247,0
DA:248,0
DA:249,0
DA:250,0
DA:251,0
DA:255,0
DA:256,0
DA:259,0
DA:260,0
DA:261,0
DA:262,0
DA:263,0
DA:264,0
DA:265,0
DA:266,0
DA:267,0
DA:268,0
DA:270,0
DA:272,0
DA:276,0
DA:277,0
DA:279,0
DA:280,0
DA:281,0
DA:284,0
DA:285,0
DA:288,0
DA:289,0
DA:290,0
DA:293,0
DA:294,0
DA:296,0
DA:342,0
DA:419,0
DA:440,0
DA:457,0
DA:489,0
DA:514,0
DA:515,0
DA:516,0
DA:517,0
DA:518,0
DA:519,0
DA:520,0
DA:521,0
DA:522,0
DA:523,0
DA:525,0
DA:526,0
DA:527,0
DA:528,0
DA:529,0
DA:530,0
DA:531,0
DA:532,0
DA:533,0
DA:536,0
DA:538,0
DA:542,0
DA:546,0
DA:547,0
DA:548,0
DA:549,0
DA:550,0
DA:551,0
DA:552,0
DA:554,0
DA:555,0
DA:556,0
DA:557,0
DA:560,0
DA:564,0
DA:565,0
DA:566,0
DA:567,0
DA:568,0
DA:569,0
DA:570,0
DA:572,0
DA:641,0
DA:642,0
DA:643,0
DA:644,0
DA:645,0
DA:646,0
DA:656,0
DA:657,0
DA:658,0
DA:659,0
DA:663,0
DA:666,0
DA:714,0
DA:766,0
DA:782,0
DA:783,0
DA:786,0
DA:787,0
DA:789,0
DA:790,0
DA:837,0
DA:838,0
DA:839,0
LF:113
LH:0
BRDA:65,0,0,0
BRDA:65,0,1,0
BRDA:120,1,0,0
BRDA:120,1,1,0
BRDA:120,2,0,0
BRDA:120,2,1,0
BRDA:121,3,0,0
BRDA:121,3,1,0
BRDA:150,4,0,0
BRDA:150,4,1,0
BRDA:150,4,2,0
BRDA:259,5,0,0
BRDA:259,5,1,0
BRDA:261,6,0,0
BRDA:261,6,1,0
BRDA:261,7,0,0
BRDA:261,7,1,0
BRDA:265,8,0,0
BRDA:265,8,1,0
BRDA:267,9,0,0
BRDA:267,9,1,0
BRDA:284,10,0,0
BRDA:284,10,1,0
BRDA:285,11,0,0
BRDA:285,11,1,0
BRDA:288,12,0,0
BRDA:288,12,1,0
BRDA:289,13,0,0
BRDA:289,13,1,0
BRDA:290,14,0,0
BRDA:290,14,1,0
BRDA:419,15,0,0
BRDA:419,15,1,0
BRDA:426,16,0,0
BRDA:426,16,1,0
BRDA:430,17,0,0
BRDA:430,17,1,0
BRDA:433,18,0,0
BRDA:433,18,1,0
BRDA:438,19,0,0
BRDA:438,19,1,0
BRDA:457,20,0,0
BRDA:457,20,1,0
BRDA:464,21,0,0
BRDA:464,21,1,0
BRDA:468,22,0,0
BRDA:468,22,1,0
BRDA:471,23,0,0
BRDA:471,23,1,0
BRDA:514,24,0,0
BRDA:514,24,1,0
BRDA:517,25,0,0
BRDA:517,25,1,0
BRDA:527,26,0,0
BRDA:527,26,1,0
BRDA:527,27,0,0
BRDA:527,27,1,0
BRDA:530,28,0,0
BRDA:530,28,1,0
BRDA:531,29,0,0
BRDA:531,29,1,0
BRDA:531,30,0,0
BRDA:531,30,1,0
BRDA:533,31,0,0
BRDA:533,31,1,0
BRDA:536,32,0,0
BRDA:536,32,1,0
BRDA:538,33,0,0
BRDA:538,33,1,0
BRDA:538,34,0,0
BRDA:538,34,1,0
BRDA:542,35,0,0
BRDA:542,35,1,0
BRDA:543,36,0,0
BRDA:543,36,1,0
BRDA:549,37,0,0
BRDA:549,37,1,0
BRDA:549,38,0,0
BRDA:549,38,1,0
BRDA:550,39,0,0
BRDA:550,39,1,0
BRDA:551,40,0,0
BRDA:551,40,1,0
BRDA:552,41,0,0
BRDA:552,41,1,0
BRDA:554,42,0,0
BRDA:554,42,1,0
BRDA:564,43,0,0
BRDA:564,43,1,0
BRDA:567,44,0,0
BRDA:567,44,1,0
BRDA:569,45,0,0
BRDA:569,45,1,0
BRDA:570,46,0,0
BRDA:570,46,1,0
BRDA:574,47,0,0
BRDA:574,47,1,0
BRDA:582,48,0,0
BRDA:582,48,1,0
BRDA:583,49,0,0
BRDA:583,49,1,0
BRDA:583,50,0,0
BRDA:583,50,1,0
BRDA:596,51,0,0
BRDA:596,51,1,0
BRDA:597,52,0,0
BRDA:597,52,1,0
BRDA:597,53,0,0
BRDA:597,53,1,0
BRDA:598,54,0,0
BRDA:598,54,1,0
BRDA:599,55,0,0
BRDA:599,55,1,0
BRDA:601,56,0,0
BRDA:601,56,1,0
BRDA:610,57,0,0
BRDA:610,57,1,0
BRDA:610,57,2,0
BRDA:624,58,0,0
BRDA:624,58,1,0
BRDA:630,59,0,0
BRDA:630,59,1,0
BRDA:638,60,0,0
BRDA:638,60,1,0
BRDA:638,60,2,0
BRDA:642,61,0,0
BRDA:642,61,1,0
BRDA:650,62,0,0
BRDA:650,62,1,0
BRDA:651,63,0,0
BRDA:651,63,1,0
BRDA:660,64,0,0
BRDA:660,64,1,0
BRDA:669,65,0,0
BRDA:669,65,1,0
BRDA:670,66,0,0
BRDA:670,66,1,0
BRDA:672,67,0,0
BRDA:672,67,1,0
BRDA:837,68,0,0
BRDA:837,68,1,0
BRDA:843,69,0,0
BRDA:843,69,1,0
BRDA:847,70,0,0
BRDA:847,70,1,0
BRF:145
BRH:0
end_of_record
TN:
SF:src/components/onboarding/OnboardingFlow.tsx
FN:33,OnboardingFlow
FN:44,(anonymous_1)
FN:49,(anonymous_2)
FN:55,(anonymous_3)
FN:83,(anonymous_4)
FN:88,(anonymous_5)
FN:91,(anonymous_6)
FN:122,(anonymous_7)
FN:132,(anonymous_8)
FN:137,(anonymous_9)
FN:353,(anonymous_10)
FN:354,(anonymous_11)
FN:357,(anonymous_12)
FN:358,(anonymous_13)
FN:417,(anonymous_14)
FN:420,(anonymous_15)
FN:538,(anonymous_16)
FN:545,(anonymous_17)
FN:709,(anonymous_18)
FN:716,(anonymous_19)
FNF:20
FNH:0
FNDA:0,OnboardingFlow
FNDA:0,(anonymous_1)
FNDA:0,(anonymous_2)
FNDA:0,(anonymous_3)
FNDA:0,(anonymous_4)
FNDA:0,(anonymous_5)
FNDA:0,(anonymous_6)
FNDA:0,(anonymous_7)
FNDA:0,(anonymous_8)
FNDA:0,(anonymous_9)
FNDA:0,(anonymous_10)
FNDA:0,(anonymous_11)
FNDA:0,(anonymous_12)
FNDA:0,(anonymous_13)
FNDA:0,(anonymous_14)
FNDA:0,(anonymous_15)
FNDA:0,(anonymous_16)
FNDA:0,(anonymous_17)
FNDA:0,(anonymous_18)
FNDA:0,(anonymous_19)
DA:34,0
DA:35,0
DA:36,0
DA:37,0
DA:38,0
DA:39,0
DA:40,0
DA:41,0
DA:42,0
DA:44,0
DA:45,0
DA:46,0
DA:47,0
DA:48,0
DA:49,0
DA:50,0
DA:51,0
DA:55,0
DA:56,0
DA:57,0
DA:58,0
DA:59,0
DA:61,0
DA:62,0
DA:63,0
DA:65,0
DA:66,0
DA:67,0
DA:69,0
DA:70,0
DA:71,0
DA:73,0
DA:74,0
DA:76,0
DA:77,0
DA:78,0
DA:79,0
DA:83,0
DA:84,0
DA:87,0
DA:88,0
DA:89,0
DA:91,0
DA:92,0
DA:93,0
DA:94,0
DA:95,0
DA:96,0
DA:97,0
DA:100,0
DA:107,0
DA:122,0
DA:123,0
DA:133,0
DA:134,0
DA:137,0
DA:162,0
DA:353,0
DA:355,0
DA:357,0
DA:358,0
DA:418,0
DA:419,0
DA:420,0
DA:421,0
DA:422,0
DA:423,0
DA:425,0
DA:539,0
DA:540,0
DA:545,0
DA:710,0
DA:711,0
DA:716,0
LF:74
LH:0
BRDA:44,0,0,0
BRDA:45,1,0,0
BRDA:45,1,1,0
BRDA:57,2,0,0
BRDA:57,2,1,0
BRDA:61,3,0,0
BRDA:61,3,1,0
BRDA:61,4,0,0
BRDA:61,4,1,0
BRDA:65,5,0,0
BRDA:65,5,1,0
BRDA:65,6,0,0
BRDA:65,6,1,0
BRDA:69,7,0,0
BRDA:69,7,1,0
BRDA:69,8,0,0
BRDA:69,8,1,0
BRDA:73,9,0,0
BRDA:73,9,1,0
BRDA:84,10,0,0
BRDA:84,10,1,0
BRDA:92,11,0,0
BRDA:92,11,1,0
BRDA:95,12,0,0
BRDA:95,12,1,0
BRDA:96,13,0,0
BRDA:96,13,1,0
BRDA:96,14,0,0
BRDA:96,14,1,0
BRDA:97,15,0,0
BRDA:97,15,1,0
BRDA:97,16,0,0
BRDA:97,16,1,0
BRDA:101,17,0,0
BRDA:101,17,1,0
BRDA:102,18,0,0
BRDA:102,18,1,0
BRDA:103,19,0,0
BRDA:103,19,1,0
BRDA:137,20,0,0
BRDA:137,20,1,0
BRDA:139,21,0,0
BRDA:139,21,1,0
BRDA:143,22,0,0
BRDA:143,22,1,0
BRDA:145,23,0,0
BRDA:145,23,1,0
BRDA:151,24,0,0
BRDA:151,24,1,0
BRDA:155,25,0,0
BRDA:155,25,1,0
BRDA:179,26,0,0
BRDA:179,26,1,0
BRDA:283,27,0,0
BRDA:283,27,1,0
BRDA:355,28,0,0
BRDA:355,28,1,0
BRDA:365,29,0,0
BRDA:365,29,1,0
BRDA:374,30,0,0
BRDA:374,30,1,0
BRDA:377,31,0,0
BRDA:377,31,1,0
BRDA:419,32,0,0
BRDA:419,32,1,0
BRDA:421,33,0,0
BRDA:421,33,1,0
BRDA:437,34,0,0
BRDA:437,34,1,0
BRDA:551,35,0,0
BRDA:551,35,1,0
BRDA:552,36,0,0
BRDA:552,36,1,0
BRDA:556,37,0,0
BRDA:556,37,1,0
BRDA:557,38,0,0
BRDA:557,38,1,0
BRDA:567,39,0,0
BRDA:567,39,1,0
BRDA:568,40,0,0
BRDA:568,40,1,0
BRDA:569,41,0,0
BRDA:569,41,1,0
BRDA:577,42,0,0
BRDA:577,42,1,0
BRDA:578,43,0,0
BRDA:578,43,1,0
BRDA:602,44,0,0
BRDA:602,44,1,0
BRDA:633,45,0,0
BRDA:633,45,1,0
BRDA:722,46,0,0
BRDA:722,46,1,0
BRDA:723,47,0,0
BRDA:723,47,1,0
BRDA:727,48,0,0
BRDA:727,48,1,0
BRDA:728,49,0,0
BRDA:728,49,1,0
BRDA:738,50,0,0
BRDA:738,50,1,0
BRDA:739,51,0,0
BRDA:739,51,1,0
BRDA:740,52,0,0
BRDA:740,52,1,0
BRDA:748,53,0,0
BRDA:748,53,1,0
BRDA:749,54,0,0
BRDA:749,54,1,0
BRDA:773,55,0,0
BRDA:773,55,1,0
BRDA:804,56,0,0
BRDA:804,56,1,0
BRDA:865,57,0,0
BRDA:865,57,1,0
BRF:115
BRH:0
end_of_record
TN:
SF:src/components/settings/PricingPage.tsx
FN:10,PricingPage
FN:16,(anonymous_1)
FN:198,(anonymous_2)
FN:335,(anonymous_3)
FN:444,(anonymous_4)
FN:448,(anonymous_5)
FN:579,(anonymous_6)
FNF:7
FNH:0
FNDA:0,PricingPage
FNDA:0,(anonymous_1)
FNDA:0,(anonymous_2)
FNDA:0,(anonymous_3)
FNDA:0,(anonymous_4)
FNDA:0,(anonymous_5)
FNDA:0,(anonymous_6)
DA:4,0
DA:11,0
DA:12,0
DA:13,0
DA:14,0
DA:16,0
DA:17,0
DA:18,0
DA:19,0
DA:20,0
DA:22,0
DA:23,0
DA:25,0
DA:26,0
DA:29,0
DA:30,0
DA:38,0
DA:39,0
DA:42,0
DA:53,0
DA:62,0
DA:199,0
DA:336,0
DA:445,0
DA:446,0
DA:448,0
DA:580,0
LF:27
LH:0
BRDA:18,0,0,0
BRDA:18,0,1,0
BRDA:18,1,0,0
BRDA:18,1,1,0
BRDA:30,2,0,0
BRDA:30,2,1,0
BRDA:402,3,0,0
BRDA:402,3,1,0
BRDA:448,4,0,0
BRDA:448,4,1,0
BRDA:452,5,0,0
BRDA:452,5,1,0
BRDA:467,6,0,0
BRDA:467,6,1,0
BRDA:475,7,0,0
BRDA:475,7,1,0
BRDA:478,8,0,0
BRDA:478,8,1,0
BRDA:481,9,0,0
BRDA:481,9,1,0
BRDA:597,10,0,0
BRDA:597,10,1,0
BRF:22
BRH:0
end_of_record
TN:
SF:src/components/settings/SettingsView.tsx
FN:5,(anonymous_0)
FN:17,ProfileDrawer
FN:33,(anonymous_2)
FN:53,(anonymous_3)
FN:65,(anonymous_4)
FN:80,(anonymous_5)
FN:83,(anonymous_6)
FN:115,(anonymous_7)
FN:173,(anonymous_8)
FN:180,(anonymous_9)
FN:203,(anonymous_10)
FN:384,(anonymous_11)
FN:423,(anonymous_12)
FN:423,(anonymous_13)
FN:433,(anonymous_14)
FN:437,(anonymous_15)
FN:446,(anonymous_16)
FN:450,(anonymous_17)
FN:450,(anonymous_18)
FN:459,(anonymous_19)
FN:463,(anonymous_20)
FN:479,(anonymous_21)
FN:479,(anonymous_22)
FN:489,(anonymous_23)
FN:492,(anonymous_24)
FN:492,(anonymous_25)
FN:577,(anonymous_26)
FN:584,(anonymous_27)
FN:618,(anonymous_28)
FN:646,(anonymous_29)
FN:683,(anonymous_30)
FN:723,(anonymous_31)
FN:746,(anonymous_32)
FNF:33
FNH:0
FNDA:0,(anonymous_0)
FNDA:0,ProfileDrawer
FNDA:0,(anonymous_2)
FNDA:0,(anonymous_3)
FNDA:0,(anonymous_4)
FNDA:0,(anonymous_5)
FNDA:0,(anonymous_6)
FNDA:0,(anonymous_7)
FNDA:0,(anonymous_8)
FNDA:0,(anonymous_9)
FNDA:0,(anonymous_10)
FNDA:0,(anonymous_11)
FNDA:0,(anonymous_12)
FNDA:0,(anonymous_13)
FNDA:0,(anonymous_14)
FNDA:0,(anonymous_15)
FNDA:0,(anonymous_16)
FNDA:0,(anonymous_17)
FNDA:0,(anonymous_18)
FNDA:0,(anonymous_19)
FNDA:0,(anonymous_20)
FNDA:0,(anonymous_21)
FNDA:0,(anonymous_22)
FNDA:0,(anonymous_23)
FNDA:0,(anonymous_24)
FNDA:0,(anonymous_25)
FNDA:0,(anonymous_26)
FNDA:0,(anonymous_27)
FNDA:0,(anonymous_28)
FNDA:0,(anonymous_29)
FNDA:0,(anonymous_30)
FNDA:0,(anonymous_31)
FNDA:0,(anonymous_32)
DA:5,0
DA:7,0
DA:8,0
DA:9,0
DA:18,0
DA:19,0
DA:24,0
DA:25,0
DA:26,0
DA:27,0
DA:28,0
DA:29,0
DA:30,0
DA:31,0
DA:33,0
DA:34,0
DA:35,0
DA:36,0
DA:37,0
DA:49,0
DA:50,0
DA:51,0
DA:52,0
DA:53,0
DA:54,0
DA:55,0
DA:58,0
DA:61,0
DA:65,0
DA:66,0
DA:67,0
DA:68,0
DA:69,0
DA:70,0
DA:71,0
DA:72,0
DA:78,0
DA:79,0
DA:80,0
DA:83,0
DA:84,0
DA:85,0
DA:86,0
DA:87,0
DA:89,0
DA:92,0
DA:93,0
DA:94,0
DA:95,0
DA:96,0
DA:97,0
DA:100,0
DA:114,0
DA:115,0
DA:117,0
DA:130,0
DA:137,0
DA:145,0
DA:154,0
DA:155,0
DA:161,0
DA:166,0
DA:173,0
DA:174,0
DA:175,0
DA:177,0
DA:180,0
DA:181,0
DA:182,0
DA:184,0
DA:187,0
DA:188,0
DA:189,0
DA:191,0
DA:203,0
DA:384,0
DA:423,0
DA:433,0
DA:438,0
DA:446,0
DA:450,0
DA:451,0
DA:459,0
DA:464,0
DA:479,0
DA:490,0
DA:492,0
DA:578,0
DA:579,0
DA:580,0
DA:581,0
DA:582,0
DA:584,0
DA:585,0
DA:619,0
DA:620,0
DA:646,0
DA:684,0
DA:685,0
DA:686,0
DA:723,0
DA:747,0
DA:748,0
LF:103
LH:0
BRDA:18,0,0,0
BRDA:18,0,1,0
BRDA:20,1,0,0
BRDA:20,1,1,0
BRDA:21,2,0,0
BRDA:21,2,1,0
BRDA:22,3,0,0
BRDA:22,3,1,0
BRDA:24,4,0,0
BRDA:24,4,1,0
BRDA:25,5,0,0
BRDA:25,5,1,0
BRDA:26,6,0,0
BRDA:26,6,1,0
BRDA:34,7,0,0
BRDA:34,7,1,0
BRDA:45,8,0,0
BRDA:45,8,1,0
BRDA:50,9,0,0
BRDA:50,9,1,0
BRDA:66,10,0,0
BRDA:66,10,1,0
BRDA:67,11,0,0
BRDA:67,11,1,0
BRDA:68,12,0,0
BRDA:68,12,1,0
BRDA:68,13,0,0
BRDA:68,13,1,0
BRDA:68,13,2,0
BRDA:75,14,0,0
BRDA:75,14,1,0
BRDA:87,15,0,0
BRDA:87,15,1,0
BRDA:87,16,0,0
BRDA:87,16,1,0
BRDA:187,17,0,0
BRDA:187,17,1,0
BRDA:187,17,2,0
BRDA:187,17,3,0
BRDA:188,18,0,0
BRDA:188,18,1,0
BRDA:189,19,0,0
BRDA:189,19,1,0
BRDA:272,20,0,0
BRDA:272,20,1,0
BRDA:319,21,0,0
BRDA:319,21,1,0
BRDA:330,22,0,0
BRDA:330,22,1,0
BRDA:339,23,0,0
BRDA:339,23,1,0
BRDA:339,24,0,0
BRDA:339,24,1,0
BRDA:360,25,0,0
BRDA:360,25,1,0
BRDA:364,26,0,0
BRDA:364,26,1,0
BRDA:366,27,0,0
BRDA:366,27,1,0
BRDA:374,28,0,0
BRDA:374,28,1,0
BRDA:403,29,0,0
BRDA:403,29,1,0
BRDA:407,30,0,0
BRDA:407,30,1,0
BRDA:500,31,0,0
BRDA:500,31,1,0
BRDA:501,32,0,0
BRDA:501,32,1,0
BRDA:502,33,0,0
BRDA:502,33,1,0
BRDA:519,34,0,0
BRDA:519,34,1,0
BRDA:520,35,0,0
BRDA:520,35,1,0
BRDA:528,36,0,0
BRDA:528,36,1,0
BRDA:578,37,0,0
BRDA:578,37,1,0
BRDA:582,38,0,0
BRDA:582,38,1,0
BRDA:582,39,0,0
BRDA:582,39,1,0
BRDA:668,40,0,0
BRDA:668,40,1,0
BRDA:684,41,0,0
BRDA:684,41,1,0
BRDA:684,42,0,0
BRDA:684,42,1,0
BRDA:727,43,0,0
BRDA:727,43,1,0
BRDA:769,44,0,0
BRDA:769,44,1,0
BRDA:769,44,2,0
BRDA:780,45,0,0
BRDA:780,45,1,0
BRDA:783,46,0,0
BRDA:783,46,1,0
BRDA:785,47,0,0
BRDA:785,47,1,0
BRDA:785,48,0,0
BRDA:785,48,1,0
BRDA:788,49,0,0
BRDA:788,49,1,0
BRDA:788,50,0,0
BRDA:788,50,1,0
BRDA:791,51,0,0
BRDA:791,51,1,0
BRDA:793,52,0,0
BRDA:793,52,1,0
BRDA:795,53,0,0
BRDA:795,53,1,0
BRDA:800,54,0,0
BRDA:800,54,1,0
BRDA:826,55,0,0
BRDA:826,55,1,0
BRF:116
BRH:0
end_of_record
TN:
SF:src/components/setup/AutoBuilderFlow.tsx
FN:40,AutoBuilderFlow
FN:56,(anonymous_1)
FN:95,(anonymous_2)
FN:292,(anonymous_3)
FN:297,(anonymous_4)
FN:425,(anonymous_5)
FN:438,(anonymous_6)
FN:489,(anonymous_7)
FN:494,(anonymous_8)
FN:606,(anonymous_9)
FN:620,(anonymous_10)
FN:681,(anonymous_11)
FN:734,(anonymous_12)
FNF:13
FNH:0
FNDA:0,AutoBuilderFlow
FNDA:0,(anonymous_1)
FNDA:0,(anonymous_2)
FNDA:0,(anonymous_3)
FNDA:0,(anonymous_4)
FNDA:0,(anonymous_5)
FNDA:0,(anonymous_6)
FNDA:0,(anonymous_7)
FNDA:0,(anonymous_8)
FNDA:0,(anonymous_9)
FNDA:0,(anonymous_10)
FNDA:0,(anonymous_11)
FNDA:0,(anonymous_12)
DA:56,0
DA:57,0
DA:58,0
DA:59,0
DA:60,0
DA:62,0
DA:63,0
DA:64,0
DA:66,0
DA:67,0
DA:68,0
DA:70,0
DA:71,0
DA:72,0
DA:75,0
DA:76,0
DA:92,0
DA:95,0
DA:96,0
DA:97,0
DA:101,0
DA:121,0
DA:122,0
DA:123,0
DA:125,0
DA:126,0
DA:138,0
DA:161,0
DA:162,0
DA:163,0
DA:165,0
DA:166,0
DA:167,0
DA:172,0
DA:176,0
DA:293,0
DA:294,0
DA:297,0
DA:427,0
DA:434,0
DA:435,0
DA:439,0
DA:490,0
DA:491,0
DA:494,0
DA:607,0
DA:616,0
DA:617,0
DA:620,0
DA:681,0
DA:735,0
LF:51
LH:0
BRDA:58,0,0,0
BRDA:58,0,1,0
BRDA:62,1,0,0
BRDA:62,1,1,0
BRDA:66,2,0,0
BRDA:66,2,1,0
BRDA:70,3,0,0
BRDA:70,3,1,0
BRDA:92,4,0,0
BRDA:92,4,1,0
BRDA:92,5,0,0
BRDA:92,5,1,0
BRDA:96,6,0,0
BRDA:96,6,1,0
BRDA:97,7,0,0
BRDA:97,7,1,0
BRDA:103,8,0,0
BRDA:103,8,1,0
BRDA:103,8,2,0
BRDA:109,9,0,0
BRDA:109,9,1,0
BRDA:118,10,0,0
BRDA:118,10,1,0
BRDA:118,11,0,0
BRDA:118,11,1,0
BRDA:127,12,0,0
BRDA:127,12,1,0
BRDA:128,13,0,0
BRDA:128,13,1,0
BRDA:129,14,0,0
BRDA:129,14,1,0
BRDA:130,15,0,0
BRDA:130,15,1,0
BRDA:134,16,0,0
BRDA:134,16,1,0
BRDA:135,17,0,0
BRDA:135,17,1,0
BRDA:140,18,0,0
BRDA:140,18,1,0
BRDA:140,18,2,0
BRDA:146,19,0,0
BRDA:146,19,1,0
BRDA:155,20,0,0
BRDA:155,20,1,0
BRDA:155,21,0,0
BRDA:155,21,1,0
BRDA:161,22,0,0
BRDA:161,22,1,0
BRDA:168,23,0,0
BRDA:168,23,1,0
BRDA:179,24,0,0
BRDA:179,24,1,0
BRDA:304,25,0,0
BRDA:304,25,1,0
BRDA:305,26,0,0
BRDA:305,26,1,0
BRDA:317,27,0,0
BRDA:317,27,1,0
BRDA:333,28,0,0
BRDA:333,28,1,0
BRDA:346,29,0,0
BRDA:346,29,1,0
BRDA:349,30,0,0
BRDA:349,30,1,0
BRDA:361,31,0,0
BRDA:361,31,1,0
BRDA:427,32,0,0
BRDA:427,32,1,0
BRDA:439,33,0,0
BRDA:439,33,1,0
BRDA:439,34,0,0
BRDA:439,34,1,0
BRDA:445,35,0,0
BRDA:445,35,1,0
BRDA:445,36,0,0
BRDA:445,36,1,0
BRDA:447,37,0,0
BRDA:447,37,1,0
BRDA:449,38,0,0
BRDA:449,38,1,0
BRDA:449,39,0,0
BRDA:449,39,1,0
BRDA:452,40,0,0
BRDA:452,40,1,0
BRDA:453,41,0,0
BRDA:453,41,1,0
BRDA:453,42,0,0
BRDA:453,42,1,0
BRDA:460,43,0,0
BRDA:460,43,1,0
BRDA:502,44,0,0
BRDA:502,44,1,0
BRDA:503,45,0,0
BRDA:503,45,1,0
BRDA:510,46,0,0
BRDA:510,46,1,0
BRDA:523,47,0,0
BRDA:523,47,1,0
BRDA:565,48,0,0
BRDA:565,48,1,0
BRDA:567,49,0,0
BRDA:567,49,1,0
BRDA:627,50,0,0
BRDA:627,50,1,0
BRDA:628,51,0,0
BRDA:628,51,1,0
BRDA:641,52,0,0
BRDA:641,52,1,0
BRDA:642,53,0,0
BRDA:642,53,1,0
BRDA:648,54,0,0
BRDA:648,54,1,0
BRDA:664,55,0,0
BRDA:664,55,1,0
BRDA:687,56,0,0
BRDA:687,56,1,0
BRDA:687,56,2,0
BRDA:687,56,3,0
BRDA:687,56,4,0
BRDA:781,57,0,0
BRDA:781,57,1,0
BRDA:805,58,0,0
BRDA:805,58,1,0
BRDA:813,59,0,0
BRDA:813,59,1,0
BRDA:816,60,0,0
BRDA:816,60,1,0
BRF:127
BRH:0
end_of_record
TN:
SF:src/components/setup/CardioSetupFlow.tsx
FN:11,CardioSetupFlow
FN:30,(anonymous_1)
FN:35,(anonymous_2)
FN:39,(anonymous_3)
FN:40,(anonymous_4)
FN:41,(anonymous_5)
FN:44,(anonymous_6)
FN:51,(anonymous_7)
FN:52,(anonymous_8)
FN:52,(anonymous_9)
FN:55,(anonymous_10)
FN:57,(anonymous_11)
FN:59,(anonymous_12)
FN:60,(anonymous_13)
FN:60,(anonymous_14)
FN:62,(anonymous_15)
FN:63,(anonymous_16)
FN:64,(anonymous_17)
FN:64,(anonymous_18)
FN:156,(anonymous_19)
FN:168,(anonymous_20)
FN:169,(anonymous_21)
FN:224,(anonymous_22)
FN:283,(anonymous_23)
FN:284,(anonymous_24)
FN:288,(anonymous_25)
FN:315,(anonymous_26)
FN:403,(anonymous_27)
FN:457,(anonymous_28)
FN:478,(anonymous_29)
FN:478,(anonymous_30)
FN:483,(anonymous_31)
FN:542,(anonymous_32)
FN:560,(anonymous_33)
FNF:34
FNH:0
FNDA:0,CardioSetupFlow
FNDA:0,(anonymous_1)
FNDA:0,(anonymous_2)
FNDA:0,(anonymous_3)
FNDA:0,(anonymous_4)
FNDA:0,(anonymous_5)
FNDA:0,(anonymous_6)
FNDA:0,(anonymous_7)
FNDA:0,(anonymous_8)
FNDA:0,(anonymous_9)
FNDA:0,(anonymous_10)
FNDA:0,(anonymous_11)
FNDA:0,(anonymous_12)
FNDA:0,(anonymous_13)
FNDA:0,(anonymous_14)
FNDA:0,(anonymous_15)
FNDA:0,(anonymous_16)
FNDA:0,(anonymous_17)
FNDA:0,(anonymous_18)
FNDA:0,(anonymous_19)
FNDA:0,(anonymous_20)
FNDA:0,(anonymous_21)
FNDA:0,(anonymous_22)
FNDA:0,(anonymous_23)
FNDA:0,(anonymous_24)
FNDA:0,(anonymous_25)
FNDA:0,(anonymous_26)
FNDA:0,(anonymous_27)
FNDA:0,(anonymous_28)
FNDA:0,(anonymous_29)
FNDA:0,(anonymous_30)
FNDA:0,(anonymous_31)
FNDA:0,(anonymous_32)
FNDA:0,(anonymous_33)
DA:15,0
DA:16,0
DA:18,0
DA:19,0
DA:29,0
DA:30,0
DA:33,0
DA:34,0
DA:35,0
DA:36,0
DA:39,0
DA:40,0
DA:41,0
DA:42,0
DA:43,0
DA:44,0
DA:46,0
DA:47,0
DA:51,0
DA:52,0
DA:55,0
DA:56,0
DA:57,0
DA:59,0
DA:60,0
DA:61,0
DA:62,0
DA:63,0
DA:64,0
DA:65,0
DA:66,0
DA:70,0
DA:156,0
DA:169,0
DA:170,0
DA:224,0
DA:284,0
DA:285,0
DA:286,0
DA:287,0
DA:288,0
DA:291,0
DA:315,0
DA:404,0
DA:459,0
DA:478,0
DA:479,0
DA:480,0
DA:483,0
DA:543,0
DA:544,0
DA:561,0
DA:562,0
LF:53
LH:0
BRDA:30,0,0,0
BRDA:30,0,1,0
BRDA:33,1,0,0
BRDA:33,1,1,0
BRDA:34,2,0,0
BRDA:34,2,1,0
BRDA:36,3,0,0
BRDA:36,3,1,0
BRDA:42,4,0,0
BRDA:42,4,1,0
BRDA:52,5,0,0
BRDA:52,5,1,0
BRDA:59,6,0,0
BRDA:59,6,1,0
BRDA:61,7,0,0
BRDA:61,7,1,0
BRDA:63,8,0,0
BRDA:63,8,1,0
BRDA:65,9,0,0
BRDA:65,9,1,0
BRDA:114,10,0,0
BRDA:114,10,1,0
BRDA:156,11,0,0
BRDA:156,11,1,0
BRDA:224,12,0,0
BRDA:224,12,1,0
BRDA:229,13,0,0
BRDA:229,13,1,0
BRDA:233,14,0,0
BRDA:233,14,1,0
BRDA:236,15,0,0
BRDA:236,15,1,0
BRDA:237,16,0,0
BRDA:237,16,1,0
BRDA:240,17,0,0
BRDA:240,17,1,0
BRDA:246,18,0,0
BRDA:246,18,1,0
BRDA:287,19,0,0
BRDA:287,19,1,0
BRDA:296,20,0,0
BRDA:296,20,1,0
BRDA:306,21,0,0
BRDA:306,21,1,0
BRDA:332,22,0,0
BRDA:332,22,1,0
BRDA:333,23,0,0
BRDA:333,23,1,0
BRDA:341,24,0,0
BRDA:341,24,1,0
BRDA:359,25,0,0
BRDA:359,25,1,0
BRDA:364,26,0,0
BRDA:364,26,1,0
BRDA:384,27,0,0
BRDA:384,27,1,0
BRDA:384,27,2,0
BRDA:401,28,0,0
BRDA:401,28,1,0
BRDA:404,29,0,0
BRDA:404,29,1,0
BRDA:424,30,0,0
BRDA:424,30,1,0
BRDA:436,31,0,0
BRDA:436,31,1,0
BRDA:436,31,2,0
BRDA:492,32,0,0
BRDA:492,32,1,0
BRDA:495,33,0,0
BRDA:495,33,1,0
BRDA:496,34,0,0
BRDA:496,34,1,0
BRDA:511,35,0,0
BRDA:511,35,1,0
BRDA:576,36,0,0
BRDA:576,36,1,0
BRDA:581,37,0,0
BRDA:581,37,1,0
BRDA:582,38,0,0
BRDA:582,38,1,0
BRF:80
BRH:0
end_of_record
TN:
SF:src/components/setup/ManualBuilderFlow.tsx
FN:57,ManualBuilderFlow
FN:137,(anonymous_1)
FN:158,(anonymous_2)
FN:166,(anonymous_3)
FN:168,(anonymous_4)
FN:175,(anonymous_5)
FN:176,(anonymous_6)
FN:181,(anonymous_7)
FN:186,(anonymous_8)
FN:191,(anonymous_9)
FN:199,(anonymous_10)
FN:201,(anonymous_11)
FN:210,(anonymous_12)
FN:211,(anonymous_13)
FN:213,(anonymous_14)
FN:217,(anonymous_15)
FN:218,(anonymous_16)
FN:221,(anonymous_17)
FN:222,(anonymous_18)
FN:252,(anonymous_19)
FN:258,(anonymous_20)
FN:332,(anonymous_21)
FN:339,(anonymous_22)
FN:396,(anonymous_23)
FN:399,(anonymous_24)
FN:474,(anonymous_25)
FN:488,(anonymous_26)
FN:565,(anonymous_27)
FN:570,(anonymous_28)
FN:598,(anonymous_29)
FN:633,(anonymous_30)
FN:700,(anonymous_31)
FN:771,(anonymous_32)
FN:772,(anonymous_33)
FN:782,(anonymous_34)
FN:788,(anonymous_35)
FN:796,(anonymous_36)
FN:870,(anonymous_37)
FN:872,(anonymous_38)
FN:940,(anonymous_39)
FN:959,(anonymous_40)
FN:960,(anonymous_41)
FN:1012,(anonymous_42)
FN:1072,(anonymous_43)
FN:1073,(anonymous_44)
FN:1156,(anonymous_45)
FN:1157,(anonymous_46)
FN:1158,(anonymous_47)
FN:1192,(anonymous_48)
FN:1211,(anonymous_49)
FNF:50
FNH:0
FNDA:0,ManualBuilderFlow
FNDA:0,(anonymous_1)
FNDA:0,(anonymous_2)
FNDA:0,(anonymous_3)
FNDA:0,(anonymous_4)
FNDA:0,(anonymous_5)
FNDA:0,(anonymous_6)
FNDA:0,(anonymous_7)
FNDA:0,(anonymous_8)
FNDA:0,(anonymous_9)
FNDA:0,(anonymous_10)
FNDA:0,(anonymous_11)
FNDA:0,(anonymous_12)
FNDA:0,(anonymous_13)
FNDA:0,(anonymous_14)
FNDA:0,(anonymous_15)
FNDA:0,(anonymous_16)
FNDA:0,(anonymous_17)
FNDA:0,(anonymous_18)
FNDA:0,(anonymous_19)
FNDA:0,(anonymous_20)
FNDA:0,(anonymous_21)
FNDA:0,(anonymous_22)
FNDA:0,(anonymous_23)
FNDA:0,(anonymous_24)
FNDA:0,(anonymous_25)
FNDA:0,(anonymous_26)
FNDA:0,(anonymous_27)
FNDA:0,(anonymous_28)
FNDA:0,(anonymous_29)
FNDA:0,(anonymous_30)
FNDA:0,(anonymous_31)
FNDA:0,(anonymous_32)
FNDA:0,(anonymous_33)
FNDA:0,(anonymous_34)
FNDA:0,(anonymous_35)
FNDA:0,(anonymous_36)
FNDA:0,(anonymous_37)
FNDA:0,(anonymous_38)
FNDA:0,(anonymous_39)
FNDA:0,(anonymous_40)
FNDA:0,(anonymous_41)
FNDA:0,(anonymous_42)
FNDA:0,(anonymous_43)
FNDA:0,(anonymous_44)
FNDA:0,(anonymous_45)
FNDA:0,(anonymous_46)
FNDA:0,(anonymous_47)
FNDA:0,(anonymous_48)
FNDA:0,(anonymous_49)
DA:83,0
DA:86,0
DA:134,0
DA:136,0
DA:137,0
DA:139,0
DA:148,0
DA:158,0
DA:160,0
DA:161,0
DA:162,0
DA:163,0
DA:164,0
DA:165,0
DA:166,0
DA:167,0
DA:168,0
DA:169,0
DA:170,0
DA:172,0
DA:175,0
DA:176,0
DA:177,0
DA:178,0
DA:179,0
DA:181,0
DA:186,0
DA:187,0
DA:191,0
DA:192,0
DA:193,0
DA:194,0
DA:195,0
DA:197,0
DA:198,0
DA:199,0
DA:200,0
DA:201,0
DA:202,0
DA:204,0
DA:206,0
DA:210,0
DA:211,0
DA:213,0
DA:217,0
DA:218,0
DA:221,0
DA:222,0
DA:223,0
DA:224,0
DA:230,0
DA:231,0
DA:253,0
DA:254,0
DA:255,0
DA:259,0
DA:260,0
DA:333,0
DA:334,0
DA:335,0
DA:336,0
DA:339,0
DA:397,0
DA:399,0
DA:475,0
DA:484,0
DA:485,0
DA:488,0
DA:566,0
DA:567,0
DA:570,0
DA:598,0
DA:634,0
DA:635,0
DA:636,0
DA:637,0
DA:639,0
DA:640,0
DA:641,0
DA:644,0
DA:646,0
DA:647,0
DA:673,0
DA:674,0
DA:701,0
DA:702,0
DA:703,0
DA:705,0
DA:772,0
DA:773,0
DA:774,0
DA:775,0
DA:777,0
DA:778,0
DA:780,0
DA:781,0
DA:782,0
DA:783,0
DA:785,0
DA:786,0
DA:787,0
DA:788,0
DA:790,0
DA:793,0
DA:796,0
DA:871,0
DA:872,0
DA:873,0
DA:875,0
DA:941,0
DA:942,0
DA:960,0
DA:961,0
DA:969,0
DA:995,0
DA:997,0
DA:1013,0
DA:1014,0
DA:1015,0
DA:1016,0
DA:1017,0
DA:1019,0
DA:1025,0
DA:1073,0
DA:1074,0
DA:1075,0
DA:1076,0
DA:1156,0
DA:1158,0
DA:1193,0
DA:1194,0
DA:1212,0
DA:1213,0
DA:1214,0
DA:1215,0
DA:1217,0
DA:1218,0
LF:137
LH:0
BRDA:134,0,0,0
BRDA:134,0,1,0
BRDA:134,0,2,0
BRDA:136,1,0,0
BRDA:136,1,1,0
BRDA:160,2,0,0
BRDA:160,2,1,0
BRDA:161,3,0,0
BRDA:161,3,1,0
BRDA:162,4,0,0
BRDA:162,4,1,0
BRDA:163,5,0,0
BRDA:163,5,1,0
BRDA:164,6,0,0
BRDA:164,6,1,0
BRDA:169,7,0,0
BRDA:169,7,1,0
BRDA:177,8,0,0
BRDA:177,8,1,0
BRDA:181,9,0,0
BRDA:181,9,1,0
BRDA:187,10,0,0
BRDA:187,10,1,0
BRDA:187,11,0,0
BRDA:187,11,1,0
BRDA:192,12,0,0
BRDA:192,12,1,0
BRDA:194,13,0,0
BRDA:194,13,1,0
BRDA:194,14,0,0
BRDA:194,14,1,0
BRDA:200,15,0,0
BRDA:200,15,1,0
BRDA:202,16,0,0
BRDA:202,16,1,0
BRDA:202,16,2,0
BRDA:202,16,3,0
BRDA:213,17,0,0
BRDA:213,17,1,0
BRDA:213,18,0,0
BRDA:213,18,1,0
BRDA:218,19,0,0
BRDA:218,19,1,0
BRDA:218,20,0,0
BRDA:218,20,1,0
BRDA:222,21,0,0
BRDA:222,21,1,0
BRDA:222,22,0,0
BRDA:222,22,1,0
BRDA:223,23,0,0
BRDA:223,23,1,0
BRDA:224,24,0,0
BRDA:224,24,1,0
BRDA:230,25,0,0
BRDA:230,25,1,0
BRDA:254,26,0,0
BRDA:254,26,1,0
BRDA:268,27,0,0
BRDA:268,27,1,0
BRDA:269,28,0,0
BRDA:269,28,1,0
BRDA:284,29,0,0
BRDA:284,29,1,0
BRDA:297,30,0,0
BRDA:297,30,1,0
BRDA:300,31,0,0
BRDA:300,31,1,0
BRDA:333,32,0,0
BRDA:333,32,1,0
BRDA:339,33,0,0
BRDA:339,33,1,0
BRDA:343,34,0,0
BRDA:343,34,1,0
BRDA:347,35,0,0
BRDA:347,35,1,0
BRDA:349,36,0,0
BRDA:349,36,1,0
BRDA:352,37,0,0
BRDA:352,37,1,0
BRDA:352,38,0,0
BRDA:352,38,1,0
BRDA:353,39,0,0
BRDA:353,39,1,0
BRDA:355,40,0,0
BRDA:355,40,1,0
BRDA:358,41,0,0
BRDA:358,41,1,0
BRDA:368,42,0,0
BRDA:368,42,1,0
BRDA:369,43,0,0
BRDA:369,43,1,0
BRDA:409,44,0,0
BRDA:409,44,1,0
BRDA:410,45,0,0
BRDA:410,45,1,0
BRDA:411,46,0,0
BRDA:411,46,1,0
BRDA:422,47,0,0
BRDA:422,47,1,0
BRDA:437,48,0,0
BRDA:437,48,1,0
BRDA:438,49,0,0
BRDA:438,49,1,0
BRDA:439,50,0,0
BRDA:439,50,1,0
BRDA:441,51,0,0
BRDA:441,51,1,0
BRDA:495,52,0,0
BRDA:495,52,1,0
BRDA:496,53,0,0
BRDA:496,53,1,0
BRDA:509,54,0,0
BRDA:509,54,1,0
BRDA:510,55,0,0
BRDA:510,55,1,0
BRDA:516,56,0,0
BRDA:516,56,1,0
BRDA:532,57,0,0
BRDA:532,57,1,0
BRDA:580,58,0,0
BRDA:580,58,1,0
BRDA:581,59,0,0
BRDA:581,59,1,0
BRDA:582,60,0,0
BRDA:582,60,1,0
BRDA:601,61,0,0
BRDA:601,61,1,0
BRDA:616,62,0,0
BRDA:616,62,1,0
BRDA:635,63,0,0
BRDA:635,63,1,0
BRDA:640,64,0,0
BRDA:640,64,1,0
BRDA:640,65,0,0
BRDA:640,65,1,0
BRDA:642,66,0,0
BRDA:642,66,1,0
BRDA:673,67,0,0
BRDA:673,67,1,0
BRDA:701,68,0,0
BRDA:701,68,1,0
BRDA:702,69,0,0
BRDA:702,69,1,0
BRDA:703,70,0,0
BRDA:703,70,1,0
BRDA:749,71,0,0
BRDA:749,71,1,0
BRDA:759,72,0,0
BRDA:759,72,1,0
BRDA:773,73,0,0
BRDA:773,73,1,0
BRDA:777,74,0,0
BRDA:777,74,1,0
BRDA:781,75,0,0
BRDA:781,75,1,0
BRDA:782,76,0,0
BRDA:782,76,1,0
BRDA:783,77,0,0
BRDA:783,77,1,0
BRDA:785,78,0,0
BRDA:785,78,1,0
BRDA:785,79,0,0
BRDA:785,79,1,0
BRDA:786,80,0,0
BRDA:786,80,1,0
BRDA:787,81,0,0
BRDA:787,81,1,0
BRDA:790,82,0,0
BRDA:790,82,1,0
BRDA:796,83,0,0
BRDA:796,83,1,0
BRDA:804,84,0,0
BRDA:804,84,1,0
BRDA:805,85,0,0
BRDA:805,85,1,0
BRDA:807,86,0,0
BRDA:807,86,1,0
BRDA:810,87,0,0
BRDA:810,87,1,0
BRDA:810,88,0,0
BRDA:810,88,1,0
BRDA:815,89,0,0
BRDA:815,89,1,0
BRDA:817,90,0,0
BRDA:817,90,1,0
BRDA:849,91,0,0
BRDA:849,91,1,0
BRDA:856,92,0,0
BRDA:856,92,1,0
BRDA:856,92,2,0
BRDA:868,93,0,0
BRDA:868,93,1,0
BRDA:872,94,0,0
BRDA:872,94,1,0
BRDA:873,95,0,0
BRDA:873,95,1,0
BRDA:875,96,0,0
BRDA:875,96,1,0
BRDA:889,97,0,0
BRDA:889,97,1,0
BRDA:901,98,0,0
BRDA:901,98,1,0
BRDA:901,98,2,0
BRDA:901,98,3,0
BRDA:912,99,0,0
BRDA:912,99,1,0
BRDA:963,100,0,0
BRDA:963,100,1,0
BRDA:1013,101,0,0
BRDA:1013,101,1,0
BRDA:1015,102,0,0
BRDA:1015,102,1,0
BRDA:1015,103,0,0
BRDA:1015,103,1,0
BRDA:1019,104,0,0
BRDA:1019,104,1,0
BRDA:1021,105,0,0
BRDA:1021,105,1,0
BRDA:1030,106,0,0
BRDA:1030,106,1,0
BRDA:1045,107,0,0
BRDA:1045,107,1,0
BRDA:1059,108,0,0
BRDA:1059,108,1,0
BRDA:1068,109,0,0
BRDA:1068,109,1,0
BRDA:1075,110,0,0
BRDA:1075,110,1,0
BRDA:1088,111,0,0
BRDA:1088,111,1,0
BRDA:1089,112,0,0
BRDA:1089,112,1,0
BRDA:1090,113,0,0
BRDA:1090,113,1,0
BRDA:1095,114,0,0
BRDA:1095,114,1,0
BRDA:1097,115,0,0
BRDA:1097,115,1,0
BRDA:1106,116,0,0
BRDA:1106,116,1,0
BRDA:1109,117,0,0
BRDA:1109,117,1,0
BRDA:1113,118,0,0
BRDA:1113,118,1,0
BRDA:1113,119,0,0
BRDA:1113,119,1,0
BRDA:1119,120,0,0
BRDA:1119,120,1,0
BRDA:1168,121,0,0
BRDA:1168,121,1,0
BRDA:1213,122,0,0
BRDA:1213,122,1,0
BRDA:1232,123,0,0
BRDA:1232,123,1,0
BRF:254
BRH:0
end_of_record
TN:
SF:src/components/setup/SetupPage.tsx
FN:15,SetupPage
FN:47,(anonymous_1)
FN:49,(anonymous_2)
FN:50,(anonymous_3)
FN:62,(anonymous_4)
FN:90,(anonymous_5)
FN:122,(anonymous_6)
FN:138,(anonymous_7)
FN:143,(anonymous_8)
FN:151,(anonymous_9)
FN:151,(anonymous_10)
FN:152,(anonymous_11)
FN:153,(anonymous_12)
FN:158,(anonymous_13)
FN:163,(anonymous_14)
FN:163,(anonymous_15)
FN:165,(anonymous_16)
FN:168,(anonymous_17)
FN:176,(anonymous_18)
FN:183,(anonymous_19)
FN:191,(anonymous_20)
FN:192,(anonymous_21)
FN:197,(anonymous_22)
FN:202,(anonymous_23)
FN:203,(anonymous_24)
FN:207,(anonymous_25)
FN:208,(anonymous_26)
FN:213,(anonymous_27)
FN:255,(anonymous_28)
FN:269,(anonymous_29)
FN:290,(anonymous_30)
FN:407,(anonymous_31)
FN:466,(anonymous_32)
FN:486,(anonymous_33)
FN:489,(anonymous_34)
FN:525,(anonymous_35)
FN:525,(anonymous_36)
FN:539,(anonymous_37)
FN:548,(anonymous_38)
FN:548,(anonymous_39)
FN:562,(anonymous_40)
FN:562,(anonymous_41)
FN:571,(anonymous_42)
FN:571,(anonymous_43)
FN:586,(anonymous_44)
FN:588,(anonymous_45)
FN:596,(anonymous_46)
FN:638,(anonymous_47)
FN:645,(anonymous_48)
FN:671,(anonymous_49)
FN:676,(anonymous_50)
FN:730,(anonymous_51)
FN:734,(anonymous_52)
FN:803,(anonymous_53)
FN:868,(anonymous_54)
FN:1044,(anonymous_55)
FN:1064,(anonymous_56)
FNF:57
FNH:0
FNDA:0,SetupPage
FNDA:0,(anonymous_1)
FNDA:0,(anonymous_2)
FNDA:0,(anonymous_3)
FNDA:0,(anonymous_4)
FNDA:0,(anonymous_5)
FNDA:0,(anonymous_6)
FNDA:0,(anonymous_7)
FNDA:0,(anonymous_8)
FNDA:0,(anonymous_9)
FNDA:0,(anonymous_10)
FNDA:0,(anonymous_11)
FNDA:0,(anonymous_12)
FNDA:0,(anonymous_13)
FNDA:0,(anonymous_14)
FNDA:0,(anonymous_15)
FNDA:0,(anonymous_16)
FNDA:0,(anonymous_17)
FNDA:0,(anonymous_18)
FNDA:0,(anonymous_19)
FNDA:0,(anonymous_20)
FNDA:0,(anonymous_21)
FNDA:0,(anonymous_22)
FNDA:0,(anonymous_23)
FNDA:0,(anonymous_24)
FNDA:0,(anonymous_25)
FNDA:0,(anonymous_26)
FNDA:0,(anonymous_27)
FNDA:0,(anonymous_28)
FNDA:0,(anonymous_29)
FNDA:0,(anonymous_30)
FNDA:0,(anonymous_31)
FNDA:0,(anonymous_32)
FNDA:0,(anonymous_33)
FNDA:0,(anonymous_34)
FNDA:0,(anonymous_35)
FNDA:0,(anonymous_36)
FNDA:0,(anonymous_37)
FNDA:0,(anonymous_38)
FNDA:0,(anonymous_39)
FNDA:0,(anonymous_40)
FNDA:0,(anonymous_41)
FNDA:0,(anonymous_42)
FNDA:0,(anonymous_43)
FNDA:0,(anonymous_44)
FNDA:0,(anonymous_45)
FNDA:0,(anonymous_46)
FNDA:0,(anonymous_47)
FNDA:0,(anonymous_48)
FNDA:0,(anonymous_49)
FNDA:0,(anonymous_50)
FNDA:0,(anonymous_51)
FNDA:0,(anonymous_52)
FNDA:0,(anonymous_53)
FNDA:0,(anonymous_54)
FNDA:0,(anonymous_55)
FNDA:0,(anonymous_56)
DA:16,0
DA:47,0
DA:48,0
DA:49,0
DA:50,0
DA:52,0
DA:54,0
DA:55,0
DA:56,0
DA:57,0
DA:58,0
DA:59,0
DA:60,0
DA:61,0
DA:62,0
DA:63,0
DA:64,0
DA:65,0
DA:67,0
DA:68,0
DA:69,0
DA:70,0
DA:72,0
DA:73,0
DA:90,0
DA:91,0
DA:92,0
DA:93,0
DA:95,0
DA:96,0
DA:97,0
DA:98,0
DA:99,0
DA:100,0
DA:101,0
DA:109,0
DA:111,0
DA:115,0
DA:116,0
DA:117,0
DA:118,0
DA:119,0
DA:122,0
DA:123,0
DA:124,0
DA:125,0
DA:127,0
DA:138,0
DA:139,0
DA:140,0
DA:141,0
DA:143,0
DA:144,0
DA:145,0
DA:147,0
DA:151,0
DA:152,0
DA:153,0
DA:154,0
DA:155,0
DA:156,0
DA:158,0
DA:163,0
DA:165,0
DA:166,0
DA:167,0
DA:168,0
DA:176,0
DA:177,0
DA:178,0
DA:181,0
DA:182,0
DA:183,0
DA:191,0
DA:192,0
DA:193,0
DA:194,0
DA:195,0
DA:197,0
DA:202,0
DA:203,0
DA:204,0
DA:205,0
DA:206,0
DA:207,0
DA:208,0
DA:209,0
DA:213,0
DA:214,0
DA:215,0
DA:216,0
DA:217,0
DA:218,0
DA:220,0
DA:221,0
DA:222,0
DA:224,0
DA:226,0
DA:227,0
DA:231,0
DA:244,0
DA:252,0
DA:255,0
DA:256,0
DA:257,0
DA:258,0
DA:259,0
DA:269,0
DA:270,0
DA:271,0
DA:272,0
DA:274,0
DA:282,0
DA:290,0
DA:291,0
DA:292,0
DA:293,0
DA:294,0
DA:295,0
DA:297,0
DA:298,0
DA:299,0
DA:300,0
DA:302,0
DA:303,0
DA:305,0
DA:306,0
DA:308,0
DA:310,0
DA:311,0
DA:315,0
DA:392,0
DA:408,0
DA:409,0
DA:410,0
DA:412,0
DA:413,0
DA:466,0
DA:487,0
DA:489,0
DA:525,0
DA:540,0
DA:548,0
DA:562,0
DA:563,0
DA:571,0
DA:587,0
DA:589,0
DA:597,0
DA:598,0
DA:599,0
DA:600,0
DA:601,0
DA:602,0
DA:638,0
DA:646,0
DA:647,0
DA:672,0
DA:673,0
DA:676,0
DA:730,0
DA:734,0
DA:804,0
DA:805,0
DA:869,0
DA:870,0
DA:1045,0
DA:1046,0
DA:1065,0
DA:1069,0
LF:170
LH:0
BRDA:65,0,0,0
BRDA:65,0,1,0
BRDA:67,1,0,0
BRDA:67,1,1,0
BRDA:70,2,0,0
BRDA:70,2,1,0
BRDA:72,3,0,0
BRDA:72,3,1,0
BRDA:74,4,0,0
BRDA:74,4,1,0
BRDA:74,4,2,0
BRDA:75,5,0,0
BRDA:75,5,1,0
BRDA:75,6,0,0
BRDA:75,6,1,0
BRDA:76,7,0,0
BRDA:76,7,1,0
BRDA:77,8,0,0
BRDA:77,8,1,0
BRDA:78,9,0,0
BRDA:78,9,1,0
BRDA:78,9,2,0
BRDA:80,10,0,0
BRDA:80,10,1,0
BRDA:81,11,0,0
BRDA:81,11,1,0
BRDA:82,12,0,0
BRDA:82,12,1,0
BRDA:83,13,0,0
BRDA:83,13,1,0
BRDA:85,14,0,0
BRDA:85,14,1,0
BRDA:86,15,0,0
BRDA:86,15,1,0
BRDA:87,16,0,0
BRDA:87,16,1,0
BRDA:93,17,0,0
BRDA:93,17,1,0
BRDA:95,18,0,0
BRDA:95,18,1,0
BRDA:95,19,0,0
BRDA:95,19,1,0
BRDA:97,20,0,0
BRDA:97,20,1,0
BRDA:98,21,0,0
BRDA:98,21,1,0
BRDA:100,22,0,0
BRDA:100,22,1,0
BRDA:125,23,0,0
BRDA:125,23,1,0
BRDA:128,24,0,0
BRDA:128,24,1,0
BRDA:144,25,0,0
BRDA:144,25,1,0
BRDA:144,26,0,0
BRDA:144,26,1,0
BRDA:144,26,2,0
BRDA:155,27,0,0
BRDA:155,27,1,0
BRDA:155,28,0,0
BRDA:155,28,1,0
BRDA:158,29,0,0
BRDA:158,29,1,0
BRDA:178,30,0,0
BRDA:178,30,1,0
BRDA:180,31,0,0
BRDA:180,31,1,0
BRDA:182,32,0,0
BRDA:182,32,1,0
BRDA:194,33,0,0
BRDA:194,33,1,0
BRDA:194,34,0,0
BRDA:194,34,1,0
BRDA:197,35,0,0
BRDA:197,35,1,0
BRDA:205,36,0,0
BRDA:205,36,1,0
BRDA:205,37,0,0
BRDA:205,37,1,0
BRDA:206,38,0,0
BRDA:206,38,1,0
BRDA:215,39,0,0
BRDA:215,39,1,0
BRDA:216,40,0,0
BRDA:216,40,1,0
BRDA:220,41,0,0
BRDA:220,41,1,0
BRDA:256,42,0,0
BRDA:256,42,1,0
BRDA:270,43,0,0
BRDA:270,43,1,0
BRDA:271,44,0,0
BRDA:271,44,1,0
BRDA:272,45,0,0
BRDA:272,45,1,0
BRDA:272,46,0,0
BRDA:272,46,1,0
BRDA:274,47,0,0
BRDA:274,47,1,0
BRDA:276,48,0,0
BRDA:276,48,1,0
BRDA:278,49,0,0
BRDA:278,49,1,0
BRDA:282,50,0,0
BRDA:282,50,1,0
BRDA:284,51,0,0
BRDA:284,51,1,0
BRDA:286,52,0,0
BRDA:286,52,1,0
BRDA:292,53,0,0
BRDA:292,53,1,0
BRDA:297,54,0,0
BRDA:297,54,1,0
BRDA:302,55,0,0
BRDA:302,55,1,0
BRDA:302,56,0,0
BRDA:302,56,1,0
BRDA:303,57,0,0
BRDA:303,57,1,0
BRDA:348,58,0,0
BRDA:348,58,1,0
BRDA:410,59,0,0
BRDA:410,59,1,0
BRDA:412,60,0,0
BRDA:412,60,1,0
BRDA:457,61,0,0
BRDA:457,61,1,0
BRDA:498,62,0,0
BRDA:498,62,1,0
BRDA:499,63,0,0
BRDA:499,63,1,0
BRDA:500,64,0,0
BRDA:500,64,1,0
BRDA:598,65,0,0
BRDA:598,65,1,0
BRDA:601,66,0,0
BRDA:601,66,1,0
BRDA:601,67,0,0
BRDA:601,67,1,0
BRDA:623,68,0,0
BRDA:623,68,1,0
BRDA:650,69,0,0
BRDA:650,69,1,0
BRDA:650,69,2,0
BRDA:676,70,0,0
BRDA:676,70,1,0
BRDA:682,71,0,0
BRDA:682,71,1,0
BRDA:683,72,0,0
BRDA:683,72,1,0
BRDA:696,73,0,0
BRDA:696,73,1,0
BRDA:705,74,0,0
BRDA:705,74,1,0
BRDA:729,75,0,0
BRDA:729,75,1,0
BRDA:729,76,0,0
BRDA:729,76,1,0
BRDA:732,77,0,0
BRDA:732,77,1,0
BRDA:748,78,0,0
BRDA:748,78,1,0
BRDA:787,79,0,0
BRDA:787,79,1,0
BRDA:787,79,2,0
BRDA:935,80,0,0
BRDA:935,80,1,0
BRDA:935,80,2,0
BRDA:955,81,0,0
BRDA:955,81,1,0
BRDA:955,81,2,0
BRDA:987,82,0,0
BRDA:987,82,1,0
BRDA:1090,83,0,0
BRDA:1090,83,1,0
BRF:175
BRH:0
end_of_record
TN:
SF:src/components/shared/AppIcon.js
FN:5,generateAppIcon
FN:121,(anonymous_1)
FNF:2
FNH:0
FNDA:0,generateAppIcon
FNDA:0,(anonymous_1)
DA:6,0
DA:7,0
DA:8,0
DA:9,0
DA:10,0
DA:11,0
DA:12,0
DA:15,0
DA:16,0
DA:17,0
DA:18,0
DA:20,0
DA:22,0
DA:25,0
DA:26,0
DA:27,0
DA:28,0
DA:29,0
DA:30,0
DA:31,0
DA:32,0
DA:35,0
DA:36,0
DA:37,0
DA:38,0
DA:41,0
DA:42,0
DA:43,0
DA:44,0
DA:45,0
DA:46,0
DA:47,0
DA:48,0
DA:49,0
DA:52,0
DA:53,0
DA:54,0
DA:55,0
DA:57,0
DA:59,0
DA:60,0
DA:61,0
DA:62,0
DA:63,0
DA:65,0
DA:67,0
DA:70,0
DA:71,0
DA:72,0
DA:73,0
DA:75,0
DA:77,0
DA:78,0
DA:79,0
DA:80,0
DA:81,0
DA:83,0
DA:85,0
DA:88,0
DA:89,0
DA:90,0
DA:91,0
DA:92,0
DA:93,0
DA:94,0
DA:95,0
DA:96,0
DA:97,0
DA:98,0
DA:99,0
DA:100,0
DA:101,0
DA:104,0
DA:105,0
DA:106,0
DA:107,0
DA:108,0
DA:109,0
DA:110,0
DA:113,0
DA:114,0
DA:115,0
DA:116,0
DA:117,0
DA:118,0
DA:120,0
DA:121,0
DA:122,0
LF:88
LH:0
BRDA:17,0,0,0
BRDA:17,0,1,0
BRDA:54,1,0,0
BRDA:54,1,1,0
BRDA:62,2,0,0
BRDA:62,2,1,0
BRDA:72,3,0,0
BRDA:72,3,1,0
BRDA:80,4,0,0
BRDA:80,4,1,0
BRF:10
BRH:0
end_of_record
TN:
SF:src/components/shared/FoundryBanner.tsx
FN:32,FoundryBanner
FNF:1
FNH:0
FNDA:0,FoundryBanner
DA:5,0
DA:12,0
DA:19,0
DA:33,0
DA:34,0
DA:35,0
LF:6
LH:0
BRDA:32,0,0,0
BRDA:61,1,0,0
BRDA:61,1,1,0
BRDA:85,2,0,0
BRDA:85,2,1,0
BRDA:102,3,0,0
BRDA:102,3,1,0
BRDA:118,4,0,0
BRDA:118,4,1,0
BRF:9
BRH:0
end_of_record
TN:
SF:src/components/shared/HammerIcon.tsx
FN:9,HammerIcon
FNF:1
FNH:0
FNDA:0,HammerIcon
DA:10,0
LF:1
LH:0
BRDA:9,0,0,0
BRDA:9,1,0,0
BRF:2
BRH:0
end_of_record
TN:
SF:src/components/tour/TourOverlay.tsx
FN:11,TourOverlay
FN:37,(anonymous_1)
FN:42,(anonymous_2)
FN:44,(anonymous_3)
FN:52,(anonymous_4)
FN:70,(anonymous_5)
FN:89,(anonymous_6)
FNF:7
FNH:0
FNDA:0,TourOverlay
FNDA:0,(anonymous_1)
FNDA:0,(anonymous_2)
FNDA:0,(anonymous_3)
FNDA:0,(anonymous_4)
FNDA:0,(anonymous_5)
FNDA:0,(anonymous_6)
DA:12,0
DA:14,0
DA:37,0
DA:38,0
DA:39,0
DA:42,0
DA:43,0
DA:44,0
DA:46,0
DA:47,0
DA:48,0
DA:52,0
DA:53,0
DA:54,0
DA:55,0
DA:58,0
DA:60,0
DA:70,0
DA:90,0
LF:19
LH:0
BRDA:38,0,0,0
BRDA:38,0,1,0
BRDA:39,1,0,0
BRDA:39,1,1,0
BRDA:43,2,0,0
BRDA:43,2,1,0
BRDA:47,3,0,0
BRDA:47,3,1,0
BRDA:54,4,0,0
BRDA:54,4,1,0
BRDA:93,5,0,0
BRDA:93,5,1,0
BRDA:96,6,0,0
BRDA:96,6,1,0
BRDA:153,7,0,0
BRDA:153,7,1,0
BRF:16
BRH:0
end_of_record
TN:
SF:src/components/ui/Button.tsx
FN:37,Button
FNF:1
FNH:0
FNDA:0,Button
DA:14,0
DA:46,0
DA:47,0
LF:3
LH:0
BRDA:40,0,0,0
BRDA:41,1,0,0
BRDA:42,2,0,0
BRDA:43,3,0,0
BRDA:46,4,0,0
BRDA:46,4,1,0
BRDA:54,5,0,0
BRDA:54,5,1,0
BRDA:60,6,0,0
BRDA:60,6,1,0
BRDA:61,7,0,0
BRDA:61,7,1,0
BRF:12
BRH:0
end_of_record
TN:
SF:src/components/ui/ExercisePicker.tsx
FN:33,ExercisePicker
FN:61,(anonymous_1)
FN:76,(anonymous_2)
FN:81,(anonymous_3)
FN:83,(anonymous_4)
FN:87,(anonymous_5)
FN:95,(anonymous_6)
FN:97,(anonymous_7)
FN:101,(anonymous_8)
FN:112,(anonymous_9)
FN:131,(anonymous_10)
FN:151,(anonymous_11)
FN:177,(anonymous_12)
FN:193,(anonymous_13)
FN:246,(anonymous_14)
FN:247,(anonymous_15)
FN:255,(anonymous_16)
FN:256,(anonymous_17)
FN:286,(anonymous_18)
FN:290,(anonymous_19)
FN:312,(anonymous_20)
FN:325,(anonymous_21)
FN:384,(anonymous_22)
FN:392,(anonymous_23)
FNF:24
FNH:0
FNDA:0,ExercisePicker
FNDA:0,(anonymous_1)
FNDA:0,(anonymous_2)
FNDA:0,(anonymous_3)
FNDA:0,(anonymous_4)
FNDA:0,(anonymous_5)
FNDA:0,(anonymous_6)
FNDA:0,(anonymous_7)
FNDA:0,(anonymous_8)
FNDA:0,(anonymous_9)
FNDA:0,(anonymous_10)
FNDA:0,(anonymous_11)
FNDA:0,(anonymous_12)
FNDA:0,(anonymous_13)
FNDA:0,(anonymous_14)
FNDA:0,(anonymous_15)
FNDA:0,(anonymous_16)
FNDA:0,(anonymous_17)
FNDA:0,(anonymous_18)
FNDA:0,(anonymous_19)
FNDA:0,(anonymous_20)
FNDA:0,(anonymous_21)
FNDA:0,(anonymous_22)
FNDA:0,(anonymous_23)
DA:42,0
DA:43,0
DA:46,0
DA:47,0
DA:48,0
DA:49,0
DA:52,0
DA:53,0
DA:55,0
DA:56,0
DA:58,0
DA:59,0
DA:60,0
DA:61,0
DA:63,0
DA:67,0
DA:69,0
DA:74,0
DA:76,0
DA:77,0
DA:78,0
DA:81,0
DA:82,0
DA:83,0
DA:87,0
DA:88,0
DA:89,0
DA:90,0
DA:91,0
DA:95,0
DA:96,0
DA:97,0
DA:101,0
DA:103,0
DA:104,0
DA:105,0
DA:106,0
DA:107,0
DA:112,0
DA:114,0
DA:116,0
DA:117,0
DA:118,0
DA:119,0
DA:120,0
DA:121,0
DA:122,0
DA:123,0
DA:124,0
DA:131,0
DA:133,0
DA:134,0
DA:135,0
DA:136,0
DA:137,0
DA:138,0
DA:140,0
DA:141,0
DA:142,0
DA:143,0
DA:144,0
DA:151,0
DA:152,0
DA:156,0
DA:177,0
DA:193,0
DA:247,0
DA:248,0
DA:249,0
DA:250,0
DA:251,0
DA:252,0
DA:255,0
DA:256,0
DA:287,0
DA:288,0
DA:290,0
DA:313,0
DA:314,0
DA:315,0
DA:317,0
DA:318,0
DA:319,0
DA:321,0
DA:325,0
DA:385,0
DA:386,0
DA:387,0
DA:389,0
DA:392,0
LF:90
LH:0
BRDA:40,0,0,0
BRDA:43,1,0,0
BRDA:43,1,1,0
BRDA:60,2,0,0
BRDA:60,2,1,0
BRDA:63,3,0,0
BRDA:63,3,1,0
BRDA:63,3,2,0
BRDA:63,3,3,0
BRDA:67,4,0,0
BRDA:67,4,1,0
BRDA:77,5,0,0
BRDA:77,5,1,0
BRDA:82,6,0,0
BRDA:82,6,1,0
BRDA:83,7,0,0
BRDA:83,7,1,0
BRDA:88,8,0,0
BRDA:88,8,1,0
BRDA:88,9,0,0
BRDA:88,9,1,0
BRDA:89,10,0,0
BRDA:89,10,1,0
BRDA:90,11,0,0
BRDA:90,11,1,0
BRDA:96,12,0,0
BRDA:96,12,1,0
BRDA:114,13,0,0
BRDA:114,13,1,0
BRDA:120,14,0,0
BRDA:120,14,1,0
BRDA:122,15,0,0
BRDA:122,15,1,0
BRDA:122,16,0,0
BRDA:122,16,1,0
BRDA:122,16,2,0
BRDA:122,16,3,0
BRDA:133,17,0,0
BRDA:133,17,1,0
BRDA:135,18,0,0
BRDA:135,18,1,0
BRDA:140,19,0,0
BRDA:140,19,1,0
BRDA:152,20,0,0
BRDA:152,20,1,0
BRDA:191,21,0,0
BRDA:191,21,1,0
BRDA:214,22,0,0
[...]
FNF:34
FNH:28
FNDA:34,generateProgram
FNDA:632,(anonymous_1)
FNDA:543,goalReps
FNDA:543,toEx
FNDA:126,buildDay
FNDA:888,(anonymous_5)
FNDA:10,(anonymous_6)
FNDA:268,(anonymous_7)
FNDA:3493,(anonymous_8)
FNDA:2415,(anonymous_9)
FNDA:637,(anonymous_10)
FNDA:888,(anonymous_11)
FNDA:888,(anonymous_12)
FNDA:107,makeDay
FNDA:409,(anonymous_14)
FNDA:0,(anonymous_15)
FNDA:107,dayNote
FNDA:75,dayMusclePriority
FNDA:0,(anonymous_18)
FNDA:0,(anonymous_19)
FNDA:0,(anonymous_20)
FNDA:0,(anonymous_21)
FNDA:0,(anonymous_22)
FNDA:482,(anonymous_23)
FNDA:482,(anonymous_24)
FNDA:482,(anonymous_25)
FNDA:82,(anonymous_26)
FNDA:82,(anonymous_27)
FNDA:41,(anonymous_28)
FNDA:41,(anonymous_29)
FNDA:41,(anonymous_30)
FNDA:6,buildFullBodyDay
FNDA:21,(anonymous_32)
FNDA:21,(anonymous_33)
DA:29,34
DA:31,32
DA:40,34
DA:41,34
DA:42,34
DA:44,34
DA:45,34
DA:47,34
DA:49,34
DA:50,34
DA:52,34
DA:53,632
DA:59,34
DA:60,34
DA:61,34
DA:63,543
DA:64,543
DA:65,528
DA:67,528
DA:71,543
DA:76,543
DA:101,126
DA:102,888
DA:104,126
DA:107,10
DA:112,268
DA:114,126
DA:118,126
DA:119,126
DA:120,126
DA:122,126
DA:123,505
DA:124,495
DA:127,3493
DA:129,2415
DA:132,495
DA:133,414
DA:134,414
DA:135,637
DA:139,888
DA:140,169
DA:141,71
DA:142,71
DA:144,888
DA:145,120
DA:146,0
DA:147,0
DA:149,126
DA:161,107
DA:162,409
DA:163,0
DA:164,107
DA:167,34
DA:209,107
DA:210,104
DA:216,75
DA:217,75
DA:218,0
DA:222,34
DA:223,0
DA:224,0
DA:225,0
DA:273,0
DA:274,0
DA:276,0
DA:278,0
DA:280,0
DA:281,0
DA:291,0
DA:292,0
DA:293,0
DA:295,0
DA:296,0
DA:297,0
DA:298,0
DA:299,0
DA:300,0
DA:301,0
DA:302,0
DA:303,0
DA:304,0
DA:307,0
DA:311,0
DA:315,32
DA:316,482
DA:317,482
DA:318,482
DA:320,25
DA:321,25
DA:322,25
DA:323,25
DA:329,25
DA:330,25
DA:336,25
DA:337,25
DA:343,25
DA:345,25
DA:346,20
DA:377,5
DA:378,5
DA:384,5
DA:386,5
DA:387,1
DA:437,4
DA:496,7
DA:497,82
DA:498,82
DA:500,4
DA:501,4
DA:502,4
DA:508,4
DA:510,4
DA:516,4
DA:518,4
DA:519,1
DA:541,3
DA:547,3
DA:549,3
DA:551,3
DA:592,3
DA:593,41
DA:594,41
DA:595,41
DA:597,2
DA:598,2
DA:599,2
DA:607,6
DA:608,6
DA:609,6
DA:615,6
DA:616,6
DA:622,6
DA:624,6
DA:625,6
DA:626,6
DA:628,6
DA:629,6
DA:630,6
DA:631,6
DA:632,6
DA:633,6
DA:634,12
DA:635,12
DA:636,12
DA:637,12
DA:640,6
DA:641,6
DA:652,2
DA:653,2
DA:654,0
DA:655,0
DA:657,2
DA:658,2
DA:659,2
DA:663,1
DA:664,1
DA:665,21
DA:667,1
DA:668,21
DA:671,1
DA:672,1
DA:673,1
DA:674,1
DA:675,1
DA:681,1
DA:682,1
DA:688,1
DA:695,1
DA:736,0
LF:169
LH:138
BRDA:27,0,0,34
BRDA:29,1,0,2
BRDA:29,1,1,32
BRDA:29,2,0,34
BRDA:29,2,1,3
BRDA:31,3,0,32
BRDA:31,3,1,0
BRDA:40,4,0,34
BRDA:40,4,1,0
BRDA:41,5,0,34
BRDA:41,5,1,0
BRDA:42,6,0,34
BRDA:42,6,1,32
BRDA:42,6,2,0
BRDA:44,7,0,34
BRDA:44,7,1,32
BRDA:47,8,0,1
BRDA:47,8,1,31
BRDA:47,9,0,0
BRDA:47,9,1,31
BRDA:47,10,0,31
BRDA:47,10,1,0
BRDA:47,11,0,0
BRDA:47,11,1,0
BRDA:49,12,0,34
BRDA:49,12,1,0
BRDA:50,13,0,1
BRDA:50,13,1,31
BRDA:50,14,0,31
BRDA:50,14,1,0
BRDA:53,15,0,632
BRDA:53,15,1,632
BRDA:53,16,0,632
BRDA:53,16,1,0
BRDA:59,17,0,34
BRDA:59,17,1,0
BRDA:61,18,0,34
BRDA:61,18,1,32
BRDA:63,19,0,543
BRDA:63,19,1,0
BRDA:64,20,0,15
BRDA:64,20,1,528
BRDA:64,21,0,8
BRDA:64,21,1,7
BRDA:65,22,0,0
BRDA:65,22,1,528
BRDA:65,23,0,0
BRDA:65,23,1,0
BRDA:67,24,0,300
BRDA:67,24,1,228
BRDA:71,25,0,122
BRDA:71,25,1,421
BRDA:72,26,0,3
BRDA:72,26,1,119
BRDA:75,27,0,421
BRDA:75,27,1,33
BRDA:88,28,0,235
BRDA:88,28,1,308
BRDA:89,29,0,543
BRDA:89,29,1,543
BRDA:90,30,0,543
BRDA:90,30,1,543
BRDA:104,31,0,121
BRDA:104,31,1,5
BRDA:108,32,0,4
BRDA:108,32,1,6
BRDA:108,33,0,10
BRDA:108,33,1,0
BRDA:109,34,0,4
BRDA:109,34,1,6
BRDA:109,35,0,10
BRDA:109,35,1,0
BRDA:114,36,0,126
BRDA:114,36,1,9
BRDA:114,36,2,9
BRDA:119,37,0,126
BRDA:119,37,1,3
BRDA:123,38,0,10
BRDA:123,38,1,495
BRDA:127,39,0,3493
BRDA:127,39,1,2472
BRDA:127,39,2,1845
BRDA:129,40,0,2415
BRDA:129,40,1,1766
BRDA:132,41,0,414
BRDA:132,41,1,81
BRDA:139,42,0,888
BRDA:139,42,1,351
BRDA:140,43,0,98
BRDA:140,43,1,71
BRDA:145,44,0,120
BRDA:145,44,1,0
BRDA:161,45,0,104
BRDA:161,45,1,3
BRDA:209,46,0,3
BRDA:209,46,1,104
BRDA:211,47,0,104
BRDA:211,47,1,0
BRDA:211,48,0,104
BRDA:211,48,1,0
BRDA:217,49,0,75
BRDA:217,49,1,0
BRDA:217,50,0,75
BRDA:217,50,1,0
BRDA:217,50,2,0
BRDA:222,51,0,0
BRDA:222,51,1,34
BRDA:222,52,0,34
BRDA:222,52,1,0
BRDA:224,53,0,0
BRDA:224,53,1,0
BRDA:273,54,0,0
BRDA:273,54,1,0
BRDA:276,55,0,0
BRDA:276,55,1,0
BRDA:280,56,0,0
BRDA:280,56,1,0
BRDA:291,57,0,0
BRDA:291,57,1,0
BRDA:295,58,0,0
BRDA:295,58,1,0
BRDA:301,59,0,0
BRDA:301,59,1,0
BRDA:303,60,0,0
BRDA:303,60,1,0
BRDA:303,61,0,0
BRDA:303,61,1,0
BRDA:315,62,0,25
BRDA:315,62,1,7
BRDA:315,63,0,32
BRDA:315,63,1,7
BRDA:329,64,0,24
BRDA:329,64,1,1
BRDA:336,65,0,24
BRDA:336,65,1,1
BRDA:343,66,0,24
BRDA:343,66,1,1
BRDA:345,67,0,20
BRDA:345,67,1,5
BRDA:386,68,0,1
BRDA:386,68,1,4
BRDA:496,69,0,4
BRDA:496,69,1,3
BRDA:497,70,0,82
BRDA:497,70,1,54
BRDA:508,71,0,4
BRDA:508,71,1,0
BRDA:516,72,0,4
BRDA:516,72,1,0
BRDA:518,73,0,1
BRDA:518,73,1,3
BRDA:547,74,0,3
BRDA:547,74,1,0
BRDA:592,75,0,2
BRDA:592,75,1,1
BRDA:608,76,0,6
BRDA:608,76,1,0
BRDA:615,77,0,6
BRDA:615,77,1,0
BRDA:622,78,0,6
BRDA:622,78,1,0
BRDA:624,79,0,6
BRDA:624,79,1,0
BRDA:625,80,0,6
BRDA:625,80,1,0
BRDA:626,81,0,6
BRDA:626,81,1,0
BRDA:637,82,0,12
BRDA:637,82,1,0
BRDA:643,83,0,2
BRDA:643,83,1,4
BRDA:643,84,0,2
BRDA:643,84,1,2
BRDA:653,85,0,0
BRDA:653,85,1,2
BRDA:663,86,0,1
BRDA:663,86,1,0
BRDA:665,87,0,21
BRDA:665,87,1,14
BRDA:665,87,2,7
BRDA:668,88,0,21
BRDA:668,88,1,14
BRDA:668,88,2,7
BRDA:674,89,0,1
BRDA:674,89,1,0
BRDA:681,90,0,1
BRDA:681,90,1,0
BRF:187
BRH:129
end_of_record
TN:
SF:src/utils/schemas.ts
FN:36,validateProfile
FN:40,validateDayData
FN:44,validateReadiness
FNF:3
FNH:0
FNDA:0,validateProfile
FNDA:0,validateDayData
FNDA:0,validateReadiness
DA:3,6
DA:21,6
DA:28,6
DA:30,6
DA:37,0
DA:41,0
DA:45,0
LF:7
LH:4
BRF:0
BRH:0
end_of_record
TN:
SF:src/utils/storage.ts
FN:6,_setMarkDirty
FN:13,(anonymous_1)
FN:21,(anonymous_2)
FN:33,(anonymous_3)
FN:41,(anonymous_4)
FN:54,migrateKeys
FNF:6
FNH:2
FNDA:0,_setMarkDirty
FNDA:745,(anonymous_1)
FNDA:31,(anonymous_2)
FNDA:0,(anonymous_3)
FNDA:0,(anonymous_4)
FNDA:0,migrateKeys
DA:5,8
DA:7,0
DA:10,8
DA:12,8
DA:14,745
DA:15,745
DA:17,0
DA:18,0
DA:22,31
DA:23,31
DA:24,31
DA:25,7
DA:26,7
DA:29,0
DA:34,0
DA:35,0
DA:36,0
DA:38,0
DA:42,0
DA:43,0
DA:45,0
DA:55,0
DA:56,0
DA:57,0
DA:58,0
DA:59,0
DA:60,0
DA:62,0
DA:63,0
DA:64,0
DA:65,0
DA:66,0
DA:68,0
DA:69,0
DA:71,0
DA:73,0
LF:36
LH:10
BRDA:24,0,0,7
BRDA:24,0,1,24
BRDA:26,1,0,0
BRDA:26,1,1,7
BRDA:56,2,0,0
BRDA:56,2,1,0
BRDA:60,3,0,0
BRDA:60,3,1,0
BRDA:60,4,0,0
BRDA:60,4,1,0
BRDA:65,5,0,0
BRDA:65,5,1,0
BRDA:68,6,0,0
BRDA:68,6,1,0
BRF:14
BRH:3
end_of_record
TN:
SF:src/utils/store.js
FNF:0
FNH:0
LF:0
LH:0
BRF:0
BRH:0
end_of_record
TN:
SF:src/utils/supabase.ts
FNF:0
FNH:0
DA:3,5
DA:4,5
DA:6,5
LF:3
LH:3
BRF:0
BRH:0
end_of_record
TN:
SF:src/utils/sync.ts
FN:7,getUser
FN:13,syncStart
FN:17,syncEnd
FN:25,readDirtySet
FN:33,writeDirtySet
FN:42,debouncedSync
FN:45,(anonymous_6)
FN:51,markDirty
FN:57,clearDirty
FN:65,flushDirty
FN:110,(anonymous_10)
FN:131,readinessScore
FN:140,syncProfileToSupabase
FN:149,syncWorkoutToSupabase
FN:161,syncReadinessToSupabase
FN:173,syncBodyWeightToSupabase
FN:185,syncCardioSessionToSupabase
FN:197,syncNotesToSupabase
FN:210,remoteIsNewer
FN:218,mergeProfile
FN:231,pullFromSupabase
FN:306,(anonymous_21)
FN:311,(anonymous_22)
FN:345,pushToSupabase
FNF:24
FNH:7
FNDA:7,getUser
FNDA:7,syncStart
FNDA:7,syncEnd
FNDA:0,readDirtySet
FNDA:0,writeDirtySet
FNDA:0,debouncedSync
FNDA:0,(anonymous_6)
FNDA:0,markDirty
FNDA:0,clearDirty
FNDA:0,flushDirty
FNDA:0,(anonymous_10)
FNDA:0,readinessScore
FNDA:3,syncProfileToSupabase
FNDA:2,syncWorkoutToSupabase
FNDA:0,syncReadinessToSupabase
FNDA:0,syncBodyWeightToSupabase
FNDA:1,syncCardioSessionToSupabase
FNDA:1,syncNotesToSupabase
FNDA:0,remoteIsNewer
FNDA:0,mergeProfile
FNDA:0,pullFromSupabase
FNDA:0,(anonymous_21)
FNDA:0,(anonymous_22)
FNDA:0,pushToSupabase
DA:8,7
DA:9,7
DA:12,6
DA:14,7
DA:15,7
DA:18,7
DA:19,7
DA:23,6
DA:26,0
DA:27,0
DA:28,0
DA:30,0
DA:34,0
DA:35,0
DA:40,6
DA:43,0
DA:44,0
DA:45,0
DA:46,0
DA:47,0
DA:52,0
DA:53,0
DA:54,0
DA:58,0
DA:59,0
DA:60,0
DA:63,6
DA:66,0
DA:67,0
DA:68,0
DA:70,0
DA:71,0
DA:72,0
DA:73,0
DA:74,0
DA:76,0
DA:77,0
DA:78,0
DA:80,0
DA:81,0
DA:82,0
DA:83,0
DA:84,0
DA:85,0
DA:86,0
DA:87,0
DA:88,0
DA:90,0
DA:91,0
DA:92,0
DA:94,0
DA:95,0
DA:96,0
DA:97,0
DA:98,0
DA:99,0
DA:101,0
DA:102,0
DA:103,0
DA:104,0
DA:105,0
DA:108,0
DA:110,0
DA:113,0
DA:114,0
DA:116,0
DA:117,0
DA:124,0
DA:126,0
DA:127,0
DA:132,0
DA:133,0
DA:134,0
DA:135,0
DA:136,0
DA:137,0
DA:141,3
DA:142,3
DA:143,3
DA:144,3
DA:145,0
DA:146,3
DA:150,2
DA:151,2
DA:152,2
DA:153,2
DA:154,0
DA:158,2
DA:162,0
DA:163,0
DA:164,0
DA:165,0
DA:166,0
DA:170,0
DA:174,0
DA:175,0
DA:176,0
DA:177,0
DA:178,0
DA:182,0
DA:186,1
DA:187,1
DA:188,1
DA:189,1
DA:190,0
DA:194,1
DA:198,1
DA:199,1
DA:200,1
DA:201,1
DA:202,0
DA:206,1
DA:211,0
DA:212,0
DA:213,0
DA:214,0
DA:219,0
DA:221,0
DA:222,0
DA:223,0
DA:225,0
DA:226,0
DA:228,0
DA:232,0
DA:233,0
DA:234,0
DA:235,0
DA:237,0
DA:246,0
DA:247,0
DA:248,0
DA:249,0
DA:250,0
DA:251,0
DA:252,0
DA:253,0
DA:255,0
DA:256,0
DA:257,0
DA:261,0
DA:262,0
DA:264,0
DA:265,0
DA:266,0
DA:268,0
DA:272,0
DA:275,0
DA:276,0
DA:279,0
DA:280,0
DA:281,0
DA:282,0
DA:283,0
DA:284,0
DA:285,0
DA:286,0
DA:288,0
DA:292,0
DA:293,0
DA:294,0
DA:295,0
DA:296,0
DA:297,0
DA:298,0
DA:299,0
DA:300,0
DA:303,0
DA:304,0
DA:305,0
DA:306,0
DA:307,0
DA:308,0
DA:310,0
DA:311,0
DA:312,0
DA:314,0
DA:317,0
DA:318,0
DA:319,0
DA:320,0
DA:321,0
DA:322,0
DA:324,0
DA:328,0
DA:329,0
DA:330,0
DA:331,0
DA:332,0
DA:333,0
DA:334,0
DA:335,0
DA:337,0
DA:341,0
DA:342,0
DA:346,0
DA:347,0
DA:348,0
DA:349,0
DA:350,0
DA:352,0
DA:353,0
DA:354,0
DA:355,0
DA:356,0
DA:360,0
DA:361,0
DA:362,0
DA:363,0
DA:364,0
DA:365,0
DA:366,0
DA:371,0
DA:372,0
DA:373,0
DA:374,0
DA:375,0
DA:379,0
DA:380,0
DA:381,0
DA:382,0
DA:383,0
DA:384,0
DA:385,0
DA:386,0
DA:387,0
DA:389,0
DA:391,0
DA:392,0
DA:393,0
DA:394,0
DA:395,0
DA:396,0
DA:398,0
DA:400,0
DA:401,0
DA:402,0
DA:403,0
DA:404,0
DA:405,0
DA:407,0
DA:409,0
DA:410,0
DA:411,0
DA:412,0
DA:413,0
DA:414,0
DA:415,0
DA:417,0
DA:418,0
DA:422,0
DA:423,0
DA:424,0
DA:426,0
DA:427,0
LF:254
LH:30
BRDA:15,0,0,7
BRDA:15,0,1,0
BRDA:19,1,0,7
BRDA:19,1,1,0
BRDA:28,2,0,0
BRDA:28,2,1,0
BRDA:42,3,0,0
BRDA:44,4,0,0
BRDA:44,4,1,0
BRDA:66,5,0,0
BRDA:66,5,1,0
BRDA:68,6,0,0
BRDA:68,6,1,0
BRDA:74,7,0,0
BRDA:74,7,1,0
BRDA:78,8,0,0
BRDA:78,8,1,0
BRDA:84,9,0,0
BRDA:84,9,1,0
BRDA:90,10,0,0
BRDA:90,10,1,0
BRDA:95,11,0,0
BRDA:95,11,1,0
BRDA:98,12,0,0
BRDA:98,12,1,0
BRDA:98,13,0,0
BRDA:98,13,1,0
BRDA:98,14,0,0
BRDA:98,14,1,0
BRDA:102,15,0,0
BRDA:102,15,1,0
BRDA:110,16,0,0
BRDA:110,16,1,0
BRDA:113,17,0,0
BRDA:113,17,1,0
BRDA:116,18,0,0
BRDA:116,18,1,0
BRDA:132,19,0,0
BRDA:132,19,1,0
BRDA:133,20,0,0
BRDA:133,20,1,0
BRDA:133,21,0,0
BRDA:133,21,1,0
BRDA:134,22,0,0
BRDA:134,22,1,0
BRDA:134,23,0,0
BRDA:134,23,1,0
BRDA:135,24,0,0
BRDA:135,24,1,0
BRDA:135,25,0,0
BRDA:135,25,1,0
BRDA:136,26,0,0
BRDA:136,26,1,0
BRDA:136,27,0,0
BRDA:136,27,1,0
BRDA:136,27,2,0
BRDA:144,28,0,3
BRDA:144,28,1,0
BRDA:153,29,0,2
BRDA:153,29,1,0
BRDA:165,30,0,0
BRDA:165,30,1,0
BRDA:167,31,0,0
BRDA:167,31,1,0
BRDA:167,32,0,0
BRDA:167,32,1,0
BRDA:167,33,0,0
BRDA:167,33,1,0
BRDA:177,34,0,0
BRDA:177,34,1,0
BRDA:189,35,0,1
BRDA:189,35,1,0
BRDA:201,36,0,1
BRDA:201,36,1,0
BRDA:203,37,0,0
BRDA:203,37,1,0
BRDA:203,38,0,1
BRDA:203,38,1,0
BRDA:211,39,0,0
BRDA:211,39,1,0
BRDA:213,40,0,0
BRDA:213,40,1,0
BRDA:221,41,0,0
BRDA:221,41,1,0
BRDA:225,42,0,0
BRDA:225,42,1,0
BRDA:235,43,0,0
BRDA:235,43,1,0
BRDA:246,44,0,0
BRDA:246,44,1,0
BRDA:246,45,0,0
BRDA:246,45,1,0
BRDA:248,46,0,0
BRDA:248,46,1,0
BRDA:250,47,0,0
BRDA:250,47,1,0
BRDA:253,48,0,0
BRDA:253,48,1,0
BRDA:253,49,0,0
BRDA:253,49,1,0
BRDA:262,50,0,0
BRDA:262,50,1,0
BRDA:279,51,0,0
BRDA:279,51,1,0
BRDA:279,52,0,0
BRDA:279,52,1,0
BRDA:281,53,0,0
BRDA:281,53,1,0
BRDA:283,54,0,0
BRDA:283,54,1,0
BRDA:285,55,0,0
BRDA:285,55,1,0
BRDA:286,56,0,0
BRDA:286,56,1,0
BRDA:292,57,0,0
BRDA:292,57,1,0
BRDA:292,58,0,0
BRDA:292,58,1,0
BRDA:295,59,0,0
BRDA:295,59,1,0
BRDA:297,60,0,0
BRDA:297,60,1,0
BRDA:298,61,0,0
BRDA:298,61,1,0
BRDA:299,62,0,0
BRDA:299,62,1,0
BRDA:300,63,0,0
BRDA:300,63,1,0
BRDA:303,64,0,0
BRDA:303,64,1,0
BRDA:303,65,0,0
BRDA:303,65,1,0
BRDA:307,66,0,0
BRDA:307,66,1,0
BRDA:308,67,0,0
BRDA:308,67,1,0
BRDA:310,68,0,0
BRDA:310,68,1,0
BRDA:312,69,0,0
BRDA:312,69,1,0
BRDA:317,70,0,0
BRDA:317,70,1,0
BRDA:317,71,0,0
BRDA:317,71,1,0
BRDA:319,72,0,0
BRDA:319,72,1,0
BRDA:321,73,0,0
BRDA:321,73,1,0
BRDA:322,74,0,0
BRDA:322,74,1,0
BRDA:328,75,0,0
BRDA:328,75,1,0
BRDA:328,76,0,0
BRDA:328,76,1,0
BRDA:332,77,0,0
BRDA:332,77,1,0
BRDA:333,78,0,0
BRDA:333,78,1,0
BRDA:334,79,0,0
BRDA:334,79,1,0
BRDA:335,80,0,0
BRDA:335,80,1,0
BRDA:349,81,0,0
BRDA:349,81,1,0
BRDA:353,82,0,0
BRDA:353,82,1,0
BRDA:361,83,0,0
BRDA:361,83,1,0
BRDA:365,84,0,0
BRDA:365,84,1,0
BRDA:365,85,0,0
BRDA:365,85,1,0
BRDA:375,86,0,0
BRDA:375,86,1,0
BRDA:375,87,0,0
BRDA:375,87,1,0
BRDA:381,88,0,0
BRDA:381,88,1,0
BRDA:383,89,0,0
BRDA:383,89,1,0
BRDA:392,90,0,0
BRDA:392,90,1,0
BRDA:396,91,0,0
BRDA:396,91,1,0
BRDA:396,92,0,0
BRDA:396,92,1,0
BRDA:396,93,0,0
BRDA:396,93,1,0
BRDA:401,94,0,0
BRDA:401,94,1,0
BRDA:410,95,0,0
BRDA:410,95,1,0
BRDA:415,96,0,0
BRDA:415,96,1,0
BRF:194
BRH:7
end_of_record
TN:
SF:src/utils/training.ts
FN:41,getWeekSets
FN:54,generateWarmupSteps
FN:69,round
FN:72,lbl
FN:168,getWarmupDetail
FN:248,shuffle
FN:257,loadBwLog
FN:266,saveBwLog
FN:270,addBwEntry
FN:272,(anonymous_9)
FN:280,bwLoggedThisWeek
FN:287,(anonymous_11)
FN:290,currentWeekSundayStr
FN:298,markBwPromptShown
FN:302,bwPromptShownThisWeek
FN:306,saveSessionDuration
FN:310,loadSessionDuration
FN:315,loadSparklineData
FN:329,(anonymous_18)
FN:352,loadCurrentWeek
FN:357,saveCurrentWeek
FN:361,loadCompleted
FN:371,markComplete
FN:378,loadProfile
FN:383,saveProfile
FN:388,isSkipped
FN:392,setSkipped
FN:403,getWorkoutDaysForWeek
FN:418,ensureWorkoutDaysHistory
FN:430,ageFromDob
FN:443,getTimeGreeting
FNF:31
FNH:10
FNDA:22,getWeekSets
FNDA:0,generateWarmupSteps
FNDA:0,round
FNDA:0,lbl
FNDA:0,getWarmupDetail
FNDA:887,shuffle
FNDA:3,loadBwLog
FNDA:1,saveBwLog
FNDA:0,addBwEntry
FNDA:0,(anonymous_9)
FNDA:0,bwLoggedThisWeek
FNDA:0,(anonymous_11)
FNDA:2,currentWeekSundayStr
FNDA:0,markBwPromptShown
FNDA:2,bwPromptShownThisWeek
FNDA:0,saveSessionDuration
FNDA:0,loadSessionDuration
FNDA:0,loadSparklineData
FNDA:0,(anonymous_18)
FNDA:0,loadCurrentWeek
FNDA:0,saveCurrentWeek
FNDA:4,loadCompleted
FNDA:3,markComplete
FNDA:3,loadProfile
FNDA:3,saveProfile
FNDA:0,isSkipped
FNDA:0,setSkipped
FNDA:0,getWorkoutDaysForWeek
FNDA:0,ensureWorkoutDaysHistory
FNDA:0,ageFromDob
FNDA:0,getTimeGreeting
DA:42,22
DA:43,22
DA:44,22
DA:45,22
DA:46,2
DA:47,0
DA:58,0
DA:59,0
DA:60,0
DA:61,0
DA:62,0
DA:63,0
DA:64,0
DA:65,0
DA:66,0
DA:67,0
DA:70,0
DA:73,0
DA:74,0
DA:75,0
DA:78,0
DA:81,0
DA:82,0
DA:109,0
DA:110,0
DA:125,0
DA:126,0
DA:137,0
DA:138,0
DA:149,0
DA:169,0
DA:171,0
DA:172,0
DA:201,0
DA:202,0
DA:221,0
DA:222,0
DA:242,0
DA:249,887
DA:250,887
DA:251,615
DA:252,615
DA:254,887
DA:258,3
DA:259,3
DA:261,1
DA:262,1
DA:267,1
DA:271,0
DA:272,0
DA:273,0
DA:274,0
DA:275,0
DA:276,0
DA:277,0
DA:281,0
DA:282,0
DA:283,0
DA:284,0
DA:285,0
DA:286,0
DA:287,0
DA:291,2
DA:292,2
DA:293,2
DA:294,2
DA:295,2
DA:299,0
DA:303,2
DA:307,0
DA:311,0
DA:312,0
DA:320,0
DA:321,0
DA:322,0
DA:323,0
DA:324,0
DA:325,0
DA:326,0
DA:327,0
DA:328,0
DA:329,0
DA:330,0
DA:331,0
DA:332,0
DA:333,0
DA:334,0
DA:335,0
DA:338,0
DA:340,0
DA:343,0
DA:346,0
DA:349,0
DA:353,0
DA:354,0
DA:358,0
DA:362,4
DA:363,4
DA:364,4
DA:365,4
DA:366,15
DA:367,84
DA:368,4
DA:372,3
DA:373,3
DA:374,3
DA:375,3
DA:379,3
DA:380,3
DA:384,3
DA:385,3
DA:389,0
DA:393,0
DA:395,0
DA:396,0
DA:398,0
DA:407,0
DA:408,0
DA:409,0
DA:410,0
DA:411,0
DA:412,0
DA:415,0
DA:419,0
DA:420,0
DA:421,0
DA:431,0
DA:432,0
DA:433,0
DA:434,0
DA:435,0
DA:436,0
DA:437,0
DA:438,0
DA:439,0
DA:440,0
DA:444,0
DA:445,0
DA:446,0
DA:447,0
LF:140
LH:36
BRDA:42,0,0,0
BRDA:42,0,1,22
BRDA:45,1,0,20
BRDA:45,1,1,2
BRDA:46,2,0,2
BRDA:46,2,1,0
BRDA:59,3,0,0
BRDA:59,3,1,0
BRDA:60,4,0,0
BRDA:60,4,1,0
BRDA:63,5,0,0
BRDA:63,5,1,0
BRDA:67,6,0,0
BRDA:67,6,1,0
BRDA:73,7,0,0
BRDA:73,7,1,0
BRDA:78,8,0,0
BRDA:78,8,1,0
BRDA:81,9,0,0
BRDA:81,9,1,0
BRDA:81,10,0,0
BRDA:81,10,1,0
BRDA:81,10,2,0
BRDA:109,11,0,0
BRDA:109,11,1,0
BRDA:109,12,0,0
BRDA:109,12,1,0
BRDA:125,13,0,0
BRDA:125,13,1,0
BRDA:137,14,0,0
BRDA:137,14,1,0
BRDA:169,15,0,0
BRDA:169,15,1,0
BRDA:171,16,0,0
BRDA:171,16,1,0
BRDA:171,17,0,0
BRDA:171,17,1,0
BRDA:201,18,0,0
BRDA:201,18,1,0
BRDA:221,19,0,0
BRDA:221,19,1,0
BRDA:259,20,0,3
BRDA:259,20,1,1
BRDA:274,21,0,0
BRDA:274,21,1,0
BRDA:282,22,0,0
BRDA:282,22,1,0
BRDA:312,23,0,0
BRDA:312,23,1,0
BRDA:318,24,0,0
BRDA:324,25,0,0
BRDA:324,25,1,0
BRDA:326,26,0,0
BRDA:326,26,1,0
BRDA:330,27,0,0
BRDA:330,27,1,0
BRDA:330,28,0,0
BRDA:330,28,1,0
BRDA:331,29,0,0
BRDA:331,29,1,0
BRDA:331,30,0,0
BRDA:331,30,1,0
BRDA:332,31,0,0
BRDA:332,31,1,0
BRDA:332,32,0,0
BRDA:332,32,1,0
BRDA:333,33,0,0
BRDA:333,33,1,0
BRDA:338,34,0,0
BRDA:338,34,1,0
BRDA:338,35,0,0
BRDA:338,35,1,0
BRDA:340,36,0,0
BRDA:340,36,1,0
BRDA:340,37,0,0
BRDA:340,37,1,0
BRDA:342,38,0,0
BRDA:342,38,1,0
BRDA:354,39,0,0
BRDA:354,39,1,0
BRDA:363,40,0,4
BRDA:363,40,1,1
BRDA:364,41,0,4
BRDA:364,41,1,1
BRDA:367,42,0,3
BRDA:367,42,1,81
BRDA:380,43,0,2
BRDA:380,43,1,1
BRDA:393,44,0,0
BRDA:393,44,1,0
BRDA:408,45,0,0
BRDA:408,45,1,0
BRDA:408,46,0,0
BRDA:408,46,1,0
BRDA:408,47,0,0
BRDA:408,47,1,0
BRDA:411,48,0,0
BRDA:411,48,1,0
BRDA:412,49,0,0
BRDA:412,49,1,0
BRDA:412,50,0,0
BRDA:412,50,1,0
BRDA:415,51,0,0
BRDA:415,51,1,0
BRDA:415,52,0,0
BRDA:415,52,1,0
BRDA:419,53,0,0
BRDA:419,53,1,0
BRDA:419,54,0,0
BRDA:419,54,1,0
BRDA:420,55,0,0
BRDA:420,55,1,0
BRDA:431,56,0,0
BRDA:431,56,1,0
BRDA:431,57,0,0
BRDA:431,57,1,0
BRDA:431,57,2,0
BRDA:431,57,3,0
BRDA:435,58,0,0
BRDA:435,58,1,0
BRDA:435,59,0,0
BRDA:435,59,1,0
BRDA:435,59,2,0
BRDA:435,59,3,0
BRDA:435,59,4,0
BRDA:439,60,0,0
BRDA:439,60,1,0
BRDA:439,61,0,0
BRDA:439,61,1,0
BRDA:439,61,2,0
BRDA:440,62,0,0
BRDA:440,62,1,0
BRDA:445,63,0,0
BRDA:445,63,1,0
BRDA:445,64,0,0
BRDA:445,64,1,0
BRDA:446,65,0,0
BRDA:446,65,1,0
BRDA:446,66,0,0
BRDA:446,66,1,0
BRF:140
BRH:14
end_of_record
TN:
SF:src/utils/validate.ts
FN:7,validateProfile
FN:20,validateDayData
FN:45,validateMesoConfig
FN:62,validateAiDays
FN:64,(anonymous_4)
FN:69,(anonymous_5)
FN:78,validateArchive
FN:83,(anonymous_7)
FNF:8
FNH:4
FNDA:2,validateProfile
FNDA:37,validateDayData
FNDA:0,validateMesoConfig
FNDA:0,validateAiDays
FNDA:0,(anonymous_4)
FNDA:0,(anonymous_5)
FNDA:26,validateArchive
FNDA:19,(anonymous_7)
DA:5,7
DA:8,2
DA:9,0
DA:10,0
DA:12,2
DA:13,2
DA:14,0
DA:15,0
DA:17,2
DA:21,37
DA:22,0
DA:24,37
DA:25,37
DA:26,37
DA:27,42
DA:28,42
DA:29,42
DA:30,42
DA:31,42
DA:32,54
DA:33,54
DA:34,54
DA:35,54
DA:42,37
DA:46,0
DA:47,0
DA:48,0
DA:50,0
DA:51,0
DA:52,0
DA:53,0
DA:54,0
DA:63,0
DA:64,0
DA:65,0
DA:66,0
DA:67,0
DA:68,0
DA:69,0
DA:70,0
DA:71,0
DA:72,0
DA:75,0
DA:79,26
DA:80,0
DA:81,0
DA:83,26
DA:84,19
DA:85,19
DA:86,19
LF:50
LH:24
BRDA:8,0,0,0
BRDA:8,0,1,2
BRDA:8,1,0,2
BRDA:8,1,1,2
BRDA:8,1,2,2
BRDA:13,2,0,0
BRDA:13,2,1,2
BRDA:21,3,0,0
BRDA:21,3,1,37
BRDA:21,4,0,37
BRDA:21,4,1,37
BRDA:21,4,2,37
BRDA:28,5,0,0
BRDA:28,5,1,42
BRDA:28,6,0,42
BRDA:28,6,1,42
BRDA:28,6,2,42
BRDA:33,7,0,0
BRDA:33,7,1,54
BRDA:33,8,0,54
BRDA:33,8,1,54
BRDA:33,8,2,54
BRDA:37,9,0,53
BRDA:37,9,1,1
BRDA:38,10,0,54
BRDA:38,10,1,0
BRDA:46,11,0,0
BRDA:46,11,1,0
BRDA:46,12,0,0
BRDA:46,12,1,0
BRDA:46,12,2,0
BRDA:56,13,0,0
BRDA:56,13,1,0
BRDA:56,14,0,0
BRDA:56,14,1,0
BRDA:57,15,0,0
BRDA:57,15,1,0
BRDA:57,16,0,0
BRDA:57,16,1,0
BRDA:58,17,0,0
BRDA:58,17,1,0
BRDA:63,18,0,0
BRDA:63,18,1,0
BRDA:63,19,0,0
BRDA:63,19,1,0
BRDA:65,20,0,0
BRDA:65,20,1,0
BRDA:65,21,0,0
BRDA:65,21,1,0
BRDA:65,21,2,0
BRDA:67,22,0,0
BRDA:67,22,1,0
BRDA:67,23,0,0
BRDA:67,23,1,0
BRDA:68,24,0,0
BRDA:68,24,1,0
BRDA:70,25,0,0
BRDA:70,25,1,0
BRDA:70,26,0,0
BRDA:70,26,1,0
BRDA:70,26,2,0
BRDA:72,27,0,0
BRDA:72,27,1,0
BRDA:75,28,0,0
BRDA:75,28,1,0
BRDA:79,29,0,0
BRDA:79,29,1,26
BRDA:84,30,0,0
BRDA:84,30,1,19
BRDA:84,31,0,19
BRDA:84,31,1,19
BRDA:84,31,2,19
BRDA:85,32,0,0
BRDA:85,32,1,19
BRF:74
BRH:26
end_of_record
